<?xml version="1.0" encoding="UTF-8"?>
<robot generator="Robot 4.0 (Python 3.9.1 on win32)" generated="20210403 16:16:00.772" rpa="false" schemaversion="2">
<suite id="s1" name="Tests" source="C:\RobotFramework\robotForFun\Tests">
<suite id="s1-s1" name="Home Test" source="C:\RobotFramework\robotForFun\Tests\home_test.robot">
<kw name="Start Session" library="hooks" type="SETUP">
<kw name="Open Browser" library="SeleniumLibrary">
<arg>about:blank</arg>
<arg>${BROWSER}</arg>
<doc>Opens a new browser instance to the optional ``url``.</doc>
<msg timestamp="20210403 16:16:00.994" level="INFO">Opening browser 'chrome' to base url 'about:blank'.</msg>
<status status="PASS" starttime="20210403 16:16:00.994" endtime="20210403 16:16:02.184"/>
</kw>
<kw name="Set Window Size" library="SeleniumLibrary">
<arg>1440</arg>
<arg>900</arg>
<doc>Sets current windows size to given ``width`` and ``height``.</doc>
<status status="PASS" starttime="20210403 16:16:02.184" endtime="20210403 16:16:02.294"/>
</kw>
<status status="PASS" starttime="20210403 16:16:00.993" endtime="20210403 16:16:02.294"/>
</kw>
<test id="s1-s1-t1" name="Test01: Open Login page">
<kw name="Abrir tela" library="home_page">
<arg>Login</arg>
<kw name="Given that I open the &quot;Training Wheels Protocol&quot;" library="home_page" sourcename="Given that I open the &quot;${text}&quot;">
<kw name="Go To" library="SeleniumLibrary">
<arg>${BASE_URL}</arg>
<doc>Navigates the current browser window to the provided ``url``.</doc>
<msg timestamp="20210403 16:16:02.296" level="INFO">Opening url 'https://training-wheels-protocol.herokuapp.com'</msg>
<status status="PASS" starttime="20210403 16:16:02.296" endtime="20210403 16:16:06.707"/>
</kw>
<kw name="Title Should Be" library="SeleniumLibrary">
<arg>${text}</arg>
<doc>Verifies that the current page title equals ``title``.</doc>
<msg timestamp="20210403 16:16:06.711" level="INFO">Page title is 'Training Wheels Protocol'.</msg>
<status status="PASS" starttime="20210403 16:16:06.707" endtime="20210403 16:16:06.711"/>
</kw>
<status status="PASS" starttime="20210403 16:16:02.296" endtime="20210403 16:16:06.711"/>
</kw>
<kw name="When I open &quot;${text}&quot;" library="home_page" sourcename="When I open &quot;${LINK}&quot;">
<kw name="Click Element" library="SeleniumLibrary">
<arg>xpath://a[contains(text(),"${LINK}")]</arg>
<doc>Click the element identified by ``locator``.</doc>
<msg timestamp="20210403 16:16:06.712" level="INFO">Clicking element 'xpath://a[contains(text(),"Login")]'.</msg>
<status status="PASS" starttime="20210403 16:16:06.712" endtime="20210403 16:16:07.969"/>
</kw>
<status status="PASS" starttime="20210403 16:16:06.711" endtime="20210403 16:16:07.969"/>
</kw>
<kw name="Then I must see the &quot;${text}&quot; text" library="home_page" sourcename="Then I must see the &quot;${Text}&quot; text">
<kw name="Page Should Contain" library="SeleniumLibrary">
<arg>${Text}</arg>
<doc>Verifies that current page contains ``text``.</doc>
<msg timestamp="20210403 16:16:07.982" level="INFO">Current page contains text 'Login'.</msg>
<status status="PASS" starttime="20210403 16:16:07.970" endtime="20210403 16:16:07.982"/>
</kw>
<kw name="Sleep" library="BuiltIn">
<arg>3</arg>
<doc>Pauses the test executed for the given time.</doc>
<msg timestamp="20210403 16:16:10.984" level="INFO">Slept 3 seconds</msg>
<status status="PASS" starttime="20210403 16:16:07.982" endtime="20210403 16:16:10.984"/>
</kw>
<status status="PASS" starttime="20210403 16:16:07.969" endtime="20210403 16:16:10.984"/>
</kw>
<status status="PASS" starttime="20210403 16:16:02.295" endtime="20210403 16:16:10.984"/>
</kw>
<status status="PASS" starttime="20210403 16:16:02.294" endtime="20210403 16:16:10.985"/>
</test>
<test id="s1-s1-t2" name="Test02: Open Dropdown page">
<kw name="Abrir tela" library="home_page">
<arg>Dropdown</arg>
<kw name="Given that I open the &quot;Training Wheels Protocol&quot;" library="home_page" sourcename="Given that I open the &quot;${text}&quot;">
<kw name="Go To" library="SeleniumLibrary">
<arg>${BASE_URL}</arg>
<doc>Navigates the current browser window to the provided ``url``.</doc>
<msg timestamp="20210403 16:16:10.988" level="INFO">Opening url 'https://training-wheels-protocol.herokuapp.com'</msg>
<status status="PASS" starttime="20210403 16:16:10.988" endtime="20210403 16:16:11.365"/>
</kw>
<kw name="Title Should Be" library="SeleniumLibrary">
<arg>${text}</arg>
<doc>Verifies that the current page title equals ``title``.</doc>
<msg timestamp="20210403 16:16:11.369" level="INFO">Page title is 'Training Wheels Protocol'.</msg>
<status status="PASS" starttime="20210403 16:16:11.365" endtime="20210403 16:16:11.370"/>
</kw>
<status status="PASS" starttime="20210403 16:16:10.987" endtime="20210403 16:16:11.370"/>
</kw>
<kw name="When I open &quot;${text}&quot;" library="home_page" sourcename="When I open &quot;${LINK}&quot;">
<kw name="Click Element" library="SeleniumLibrary">
<arg>xpath://a[contains(text(),"${LINK}")]</arg>
<doc>Click the element identified by ``locator``.</doc>
<msg timestamp="20210403 16:16:11.370" level="INFO">Clicking element 'xpath://a[contains(text(),"Dropdown")]'.</msg>
<status status="PASS" starttime="20210403 16:16:11.370" endtime="20210403 16:16:11.678"/>
</kw>
<status status="PASS" starttime="20210403 16:16:11.370" endtime="20210403 16:16:11.679"/>
</kw>
<kw name="Then I must see the &quot;${text}&quot; text" library="home_page" sourcename="Then I must see the &quot;${Text}&quot; text">
<kw name="Page Should Contain" library="SeleniumLibrary">
<arg>${Text}</arg>
<doc>Verifies that current page contains ``text``.</doc>
<msg timestamp="20210403 16:16:11.692" level="INFO">Current page contains text 'Dropdown'.</msg>
<status status="PASS" starttime="20210403 16:16:11.679" endtime="20210403 16:16:11.692"/>
</kw>
<kw name="Sleep" library="BuiltIn">
<arg>3</arg>
<doc>Pauses the test executed for the given time.</doc>
<msg timestamp="20210403 16:16:14.693" level="INFO">Slept 3 seconds</msg>
<status status="PASS" starttime="20210403 16:16:11.692" endtime="20210403 16:16:14.693"/>
</kw>
<status status="PASS" starttime="20210403 16:16:11.679" endtime="20210403 16:16:14.693"/>
</kw>
<status status="PASS" starttime="20210403 16:16:10.987" endtime="20210403 16:16:14.693"/>
</kw>
<status status="PASS" starttime="20210403 16:16:10.986" endtime="20210403 16:16:14.693"/>
</test>
<test id="s1-s1-t3" name="Test03: Open Checkboxes page">
<kw name="Abrir tela" library="home_page">
<arg>Checkboxes</arg>
<kw name="Given that I open the &quot;Training Wheels Protocol&quot;" library="home_page" sourcename="Given that I open the &quot;${text}&quot;">
<kw name="Go To" library="SeleniumLibrary">
<arg>${BASE_URL}</arg>
<doc>Navigates the current browser window to the provided ``url``.</doc>
<msg timestamp="20210403 16:16:14.696" level="INFO">Opening url 'https://training-wheels-protocol.herokuapp.com'</msg>
<status status="PASS" starttime="20210403 16:16:14.696" endtime="20210403 16:16:15.086"/>
</kw>
<kw name="Title Should Be" library="SeleniumLibrary">
<arg>${text}</arg>
<doc>Verifies that the current page title equals ``title``.</doc>
<msg timestamp="20210403 16:16:15.092" level="INFO">Page title is 'Training Wheels Protocol'.</msg>
<status status="PASS" starttime="20210403 16:16:15.087" endtime="20210403 16:16:15.092"/>
</kw>
<status status="PASS" starttime="20210403 16:16:14.696" endtime="20210403 16:16:15.092"/>
</kw>
<kw name="When I open &quot;${text}&quot;" library="home_page" sourcename="When I open &quot;${LINK}&quot;">
<kw name="Click Element" library="SeleniumLibrary">
<arg>xpath://a[contains(text(),"${LINK}")]</arg>
<doc>Click the element identified by ``locator``.</doc>
<msg timestamp="20210403 16:16:15.094" level="INFO">Clicking element 'xpath://a[contains(text(),"Checkboxes")]'.</msg>
<status status="PASS" starttime="20210403 16:16:15.093" endtime="20210403 16:16:15.495"/>
</kw>
<status status="PASS" starttime="20210403 16:16:15.093" endtime="20210403 16:16:15.496"/>
</kw>
<kw name="Then I must see the &quot;${text}&quot; text" library="home_page" sourcename="Then I must see the &quot;${Text}&quot; text">
<kw name="Page Should Contain" library="SeleniumLibrary">
<arg>${Text}</arg>
<doc>Verifies that current page contains ``text``.</doc>
<msg timestamp="20210403 16:16:15.516" level="INFO">Current page contains text 'Checkboxes'.</msg>
<status status="PASS" starttime="20210403 16:16:15.496" endtime="20210403 16:16:15.516"/>
</kw>
<kw name="Sleep" library="BuiltIn">
<arg>3</arg>
<doc>Pauses the test executed for the given time.</doc>
<msg timestamp="20210403 16:16:18.517" level="INFO">Slept 3 seconds</msg>
<status status="PASS" starttime="20210403 16:16:15.516" endtime="20210403 16:16:18.517"/>
</kw>
<status status="PASS" starttime="20210403 16:16:15.496" endtime="20210403 16:16:18.517"/>
</kw>
<status status="PASS" starttime="20210403 16:16:14.695" endtime="20210403 16:16:18.517"/>
</kw>
<status status="PASS" starttime="20210403 16:16:14.695" endtime="20210403 16:16:18.518"/>
</test>
<test id="s1-s1-t4" name="Test04: Open Radio Buttons page">
<kw name="Abrir tela" library="home_page">
<arg>Radio Buttons</arg>
<kw name="Given that I open the &quot;Training Wheels Protocol&quot;" library="home_page" sourcename="Given that I open the &quot;${text}&quot;">
<kw name="Go To" library="SeleniumLibrary">
<arg>${BASE_URL}</arg>
<doc>Navigates the current browser window to the provided ``url``.</doc>
<msg timestamp="20210403 16:16:18.521" level="INFO">Opening url 'https://training-wheels-protocol.herokuapp.com'</msg>
<status status="PASS" starttime="20210403 16:16:18.521" endtime="20210403 16:16:18.869"/>
</kw>
<kw name="Title Should Be" library="SeleniumLibrary">
<arg>${text}</arg>
<doc>Verifies that the current page title equals ``title``.</doc>
<msg timestamp="20210403 16:16:18.875" level="INFO">Page title is 'Training Wheels Protocol'.</msg>
<status status="PASS" starttime="20210403 16:16:18.869" endtime="20210403 16:16:18.875"/>
</kw>
<status status="PASS" starttime="20210403 16:16:18.520" endtime="20210403 16:16:18.875"/>
</kw>
<kw name="When I open &quot;${text}&quot;" library="home_page" sourcename="When I open &quot;${LINK}&quot;">
<kw name="Click Element" library="SeleniumLibrary">
<arg>xpath://a[contains(text(),"${LINK}")]</arg>
<doc>Click the element identified by ``locator``.</doc>
<msg timestamp="20210403 16:16:18.876" level="INFO">Clicking element 'xpath://a[contains(text(),"Radio Buttons")]'.</msg>
<status status="PASS" starttime="20210403 16:16:18.875" endtime="20210403 16:16:20.386"/>
</kw>
<status status="PASS" starttime="20210403 16:16:18.875" endtime="20210403 16:16:20.386"/>
</kw>
<kw name="Then I must see the &quot;${text}&quot; text" library="home_page" sourcename="Then I must see the &quot;${Text}&quot; text">
<kw name="Page Should Contain" library="SeleniumLibrary">
<arg>${Text}</arg>
<doc>Verifies that current page contains ``text``.</doc>
<msg timestamp="20210403 16:16:20.397" level="INFO">Current page contains text 'Radio Buttons'.</msg>
<status status="PASS" starttime="20210403 16:16:20.387" endtime="20210403 16:16:20.397"/>
</kw>
<kw name="Sleep" library="BuiltIn">
<arg>3</arg>
<doc>Pauses the test executed for the given time.</doc>
<msg timestamp="20210403 16:16:23.399" level="INFO">Slept 3 seconds</msg>
<status status="PASS" starttime="20210403 16:16:20.397" endtime="20210403 16:16:23.399"/>
</kw>
<status status="PASS" starttime="20210403 16:16:20.386" endtime="20210403 16:16:23.399"/>
</kw>
<status status="PASS" starttime="20210403 16:16:18.520" endtime="20210403 16:16:23.399"/>
</kw>
<status status="PASS" starttime="20210403 16:16:18.519" endtime="20210403 16:16:23.400"/>
</test>
<kw name="Finish Session" library="hooks" type="TEARDOWN">
<kw name="Capture Page Screenshot" library="SeleniumLibrary">
<doc>Takes a screenshot of the current page and embeds it into a log file.</doc>
<msg timestamp="20210403 16:16:23.716" level="INFO" html="true">&lt;/td&gt;&lt;/tr&gt;&lt;tr&gt;&lt;td colspan="3"&gt;&lt;a href="selenium-screenshot-2.png"&gt;&lt;img src="selenium-screenshot-2.png" width="800px"&gt;&lt;/a&gt;</msg>
<status status="PASS" starttime="20210403 16:16:23.402" endtime="20210403 16:16:23.716"/>
</kw>
<kw name="Close Browser" library="SeleniumLibrary">
<doc>Closes the current browser.</doc>
<status status="PASS" starttime="20210403 16:16:23.717" endtime="20210403 16:16:25.834"/>
</kw>
<status status="PASS" starttime="20210403 16:16:23.402" endtime="20210403 16:16:25.834"/>
</kw>
<doc>Fun tests</doc>
<status status="PASS" starttime="20210403 16:16:00.797" endtime="20210403 16:16:25.834"/>
</suite>
<status status="PASS" starttime="20210403 16:16:00.774" endtime="20210403 16:16:25.836"/>
</suite>
<statistics>
<total>
<stat pass="4" fail="0" skip="0">All Tests</stat>
</total>
<tag>
</tag>
<suite>
<stat pass="4" fail="0" skip="0" id="s1" name="Tests">Tests</stat>
<stat pass="4" fail="0" skip="0" id="s1-s1" name="Home Test">Tests.Home Test</stat>
</suite>
</statistics>
<errors>
</errors>
</robot>
