<?xml version="1.0" encoding="UTF-8"?>
<robot generator="Robot 4.0 (Python 3.9.1 on win32)" generated="20210403 17:56:13.115" rpa="false" schemaversion="2">
<suite id="s1" name="Tests" source="C:\RobotFramework\robotForFun\Tests">
<suite id="s1-s1" name="Home Test" source="C:\RobotFramework\robotForFun\Tests\home_test.robot">
<kw name="Start Session" library="hooks" type="SETUP">
<kw name="Open Browser" library="SeleniumLibrary">
<arg>about:blank</arg>
<arg>${BROWSER}</arg>
<doc>Opens a new browser instance to the optional ``url``.</doc>
<msg timestamp="20210403 17:56:13.300" level="INFO">Opening browser 'chrome' to base url 'about:blank'.</msg>
<status status="PASS" starttime="20210403 17:56:13.300" endtime="20210403 17:56:14.428"/>
</kw>
<kw name="Set Window Size" library="SeleniumLibrary">
<arg>1440</arg>
<arg>900</arg>
<doc>Sets current windows size to given ``width`` and ``height``.</doc>
<status status="PASS" starttime="20210403 17:56:14.429" endtime="20210403 17:56:14.537"/>
</kw>
<status status="PASS" starttime="20210403 17:56:13.300" endtime="20210403 17:56:14.537"/>
</kw>
<test id="s1-s1-t1" name="Test01: Open Login page">
<kw name="Abrir tela" library="home_page">
<arg>Login</arg>
<arg>login</arg>
<kw name="Given that I open the &quot;Training Wheels Protocol&quot;" library="home_page" sourcename="Given that I open the &quot;${text}&quot;">
<kw name="Go To" library="SeleniumLibrary">
<arg>${BASE_URL}</arg>
<doc>Navigates the current browser window to the provided ``url``.</doc>
<msg timestamp="20210403 17:56:14.538" level="INFO">Opening url 'https://training-wheels-protocol.herokuapp.com'</msg>
<status status="PASS" starttime="20210403 17:56:14.538" endtime="20210403 17:56:38.948"/>
</kw>
<kw name="Title Should Be" library="SeleniumLibrary">
<arg>${text}</arg>
<doc>Verifies that the current page title equals ``title``.</doc>
<msg timestamp="20210403 17:56:38.953" level="INFO">Page title is 'Training Wheels Protocol'.</msg>
<status status="PASS" starttime="20210403 17:56:38.948" endtime="20210403 17:56:38.953"/>
</kw>
<status status="PASS" starttime="20210403 17:56:14.538" endtime="20210403 17:56:38.954"/>
</kw>
<kw name="When I open &quot;${text}&quot;" library="home_page" sourcename="When I open &quot;${LINK}&quot;">
<kw name="Click Element" library="SeleniumLibrary">
<arg>xpath://a[contains(text(),"${LINK}")]</arg>
<doc>Click the element identified by ``locator``.</doc>
<msg timestamp="20210403 17:56:38.955" level="INFO">Clicking element 'xpath://a[contains(text(),"Login")]'.</msg>
<status status="PASS" starttime="20210403 17:56:38.954" endtime="20210403 17:56:40.376"/>
</kw>
<status status="PASS" starttime="20210403 17:56:38.954" endtime="20210403 17:56:40.376"/>
</kw>
<kw name="Then I must see the &quot;${url}&quot; URL" library="home_page" sourcename="Then I must see the &quot;${url}&quot; URL">
<kw name="Location Should Contain" library="SeleniumLibrary">
<arg>${url}</arg>
<doc>Verifies that the current URL contains ``expected``.</doc>
<msg timestamp="20210403 17:56:40.381" level="INFO">Current location contains 'login'.</msg>
<status status="PASS" starttime="20210403 17:56:40.376" endtime="20210403 17:56:40.381"/>
</kw>
<status status="PASS" starttime="20210403 17:56:40.376" endtime="20210403 17:56:40.381"/>
</kw>
<status status="PASS" starttime="20210403 17:56:14.538" endtime="20210403 17:56:40.381"/>
</kw>
<tag>smoke</tag>
<status status="PASS" starttime="20210403 17:56:14.537" endtime="20210403 17:56:40.381"/>
</test>
<test id="s1-s1-t2" name="Test02: Open Dropdown page">
<kw name="Abrir tela" library="home_page">
<arg>Dropdown</arg>
<arg>dropdown</arg>
<kw name="Given that I open the &quot;Training Wheels Protocol&quot;" library="home_page" sourcename="Given that I open the &quot;${text}&quot;">
<kw name="Go To" library="SeleniumLibrary">
<arg>${BASE_URL}</arg>
<doc>Navigates the current browser window to the provided ``url``.</doc>
<msg timestamp="20210403 17:56:40.383" level="INFO">Opening url 'https://training-wheels-protocol.herokuapp.com'</msg>
<status status="PASS" starttime="20210403 17:56:40.383" endtime="20210403 17:56:40.697"/>
</kw>
<kw name="Title Should Be" library="SeleniumLibrary">
<arg>${text}</arg>
<doc>Verifies that the current page title equals ``title``.</doc>
<msg timestamp="20210403 17:56:40.700" level="INFO">Page title is 'Training Wheels Protocol'.</msg>
<status status="PASS" starttime="20210403 17:56:40.697" endtime="20210403 17:56:40.701"/>
</kw>
<status status="PASS" starttime="20210403 17:56:40.383" endtime="20210403 17:56:40.701"/>
</kw>
<kw name="When I open &quot;${text}&quot;" library="home_page" sourcename="When I open &quot;${LINK}&quot;">
<kw name="Click Element" library="SeleniumLibrary">
<arg>xpath://a[contains(text(),"${LINK}")]</arg>
<doc>Click the element identified by ``locator``.</doc>
<msg timestamp="20210403 17:56:40.701" level="INFO">Clicking element 'xpath://a[contains(text(),"Dropdown")]'.</msg>
<status status="PASS" starttime="20210403 17:56:40.701" endtime="20210403 17:56:41.002"/>
</kw>
<status status="PASS" starttime="20210403 17:56:40.701" endtime="20210403 17:56:41.002"/>
</kw>
<kw name="Then I must see the &quot;${url}&quot; URL" library="home_page" sourcename="Then I must see the &quot;${url}&quot; URL">
<kw name="Location Should Contain" library="SeleniumLibrary">
<arg>${url}</arg>
<doc>Verifies that the current URL contains ``expected``.</doc>
<msg timestamp="20210403 17:56:41.006" level="INFO">Current location contains 'dropdown'.</msg>
<status status="PASS" starttime="20210403 17:56:41.002" endtime="20210403 17:56:41.006"/>
</kw>
<status status="PASS" starttime="20210403 17:56:41.002" endtime="20210403 17:56:41.006"/>
</kw>
<status status="PASS" starttime="20210403 17:56:40.383" endtime="20210403 17:56:41.006"/>
</kw>
<status status="PASS" starttime="20210403 17:56:40.382" endtime="20210403 17:56:41.006"/>
</test>
<test id="s1-s1-t3" name="Test03: Open Checkboxes page">
<kw name="Abrir tela" library="home_page">
<arg>Checkboxes</arg>
<arg>checkboxes</arg>
<kw name="Given that I open the &quot;Training Wheels Protocol&quot;" library="home_page" sourcename="Given that I open the &quot;${text}&quot;">
<kw name="Go To" library="SeleniumLibrary">
<arg>${BASE_URL}</arg>
<doc>Navigates the current browser window to the provided ``url``.</doc>
<msg timestamp="20210403 17:56:41.010" level="INFO">Opening url 'https://training-wheels-protocol.herokuapp.com'</msg>
<status status="PASS" starttime="20210403 17:56:41.009" endtime="20210403 17:56:41.304"/>
</kw>
<kw name="Title Should Be" library="SeleniumLibrary">
<arg>${text}</arg>
<doc>Verifies that the current page title equals ``title``.</doc>
<msg timestamp="20210403 17:56:41.307" level="INFO">Page title is 'Training Wheels Protocol'.</msg>
<status status="PASS" starttime="20210403 17:56:41.304" endtime="20210403 17:56:41.307"/>
</kw>
<status status="PASS" starttime="20210403 17:56:41.009" endtime="20210403 17:56:41.308"/>
</kw>
<kw name="When I open &quot;${text}&quot;" library="home_page" sourcename="When I open &quot;${LINK}&quot;">
<kw name="Click Element" library="SeleniumLibrary">
<arg>xpath://a[contains(text(),"${LINK}")]</arg>
<doc>Click the element identified by ``locator``.</doc>
<msg timestamp="20210403 17:56:41.309" level="INFO">Clicking element 'xpath://a[contains(text(),"Checkboxes")]'.</msg>
<status status="PASS" starttime="20210403 17:56:41.309" endtime="20210403 17:56:41.607"/>
</kw>
<status status="PASS" starttime="20210403 17:56:41.308" endtime="20210403 17:56:41.607"/>
</kw>
<kw name="Then I must see the &quot;${url}&quot; URL" library="home_page" sourcename="Then I must see the &quot;${url}&quot; URL">
<kw name="Location Should Contain" library="SeleniumLibrary">
<arg>${url}</arg>
<doc>Verifies that the current URL contains ``expected``.</doc>
<msg timestamp="20210403 17:56:41.612" level="INFO">Current location contains 'checkboxes'.</msg>
<status status="PASS" starttime="20210403 17:56:41.607" endtime="20210403 17:56:41.612"/>
</kw>
<status status="PASS" starttime="20210403 17:56:41.607" endtime="20210403 17:56:41.612"/>
</kw>
<status status="PASS" starttime="20210403 17:56:41.009" endtime="20210403 17:56:41.613"/>
</kw>
<status status="PASS" starttime="20210403 17:56:41.008" endtime="20210403 17:56:41.613"/>
</test>
<test id="s1-s1-t4" name="Test04: Open Radio Buttons page">
<kw name="Abrir tela" library="home_page">
<arg>Radio Buttons</arg>
<arg>radio</arg>
<kw name="Given that I open the &quot;Training Wheels Protocol&quot;" library="home_page" sourcename="Given that I open the &quot;${text}&quot;">
<kw name="Go To" library="SeleniumLibrary">
<arg>${BASE_URL}</arg>
<doc>Navigates the current browser window to the provided ``url``.</doc>
<msg timestamp="20210403 17:56:41.616" level="INFO">Opening url 'https://training-wheels-protocol.herokuapp.com'</msg>
<status status="PASS" starttime="20210403 17:56:41.616" endtime="20210403 17:56:41.967"/>
</kw>
<kw name="Title Should Be" library="SeleniumLibrary">
<arg>${text}</arg>
<doc>Verifies that the current page title equals ``title``.</doc>
<msg timestamp="20210403 17:56:41.971" level="INFO">Page title is 'Training Wheels Protocol'.</msg>
<status status="PASS" starttime="20210403 17:56:41.967" endtime="20210403 17:56:41.971"/>
</kw>
<status status="PASS" starttime="20210403 17:56:41.616" endtime="20210403 17:56:41.972"/>
</kw>
<kw name="When I open &quot;${text}&quot;" library="home_page" sourcename="When I open &quot;${LINK}&quot;">
<kw name="Click Element" library="SeleniumLibrary">
<arg>xpath://a[contains(text(),"${LINK}")]</arg>
<doc>Click the element identified by ``locator``.</doc>
<msg timestamp="20210403 17:56:41.973" level="INFO">Clicking element 'xpath://a[contains(text(),"Radio Buttons")]'.</msg>
<status status="PASS" starttime="20210403 17:56:41.973" endtime="20210403 17:56:46.330"/>
</kw>
<status status="PASS" starttime="20210403 17:56:41.972" endtime="20210403 17:56:46.330"/>
</kw>
<kw name="Then I must see the &quot;${url}&quot; URL" library="home_page" sourcename="Then I must see the &quot;${url}&quot; URL">
<kw name="Location Should Contain" library="SeleniumLibrary">
<arg>${url}</arg>
<doc>Verifies that the current URL contains ``expected``.</doc>
<msg timestamp="20210403 17:56:46.334" level="INFO">Current location contains 'radio'.</msg>
<status status="PASS" starttime="20210403 17:56:46.331" endtime="20210403 17:56:46.334"/>
</kw>
<status status="PASS" starttime="20210403 17:56:46.330" endtime="20210403 17:56:46.335"/>
</kw>
<status status="PASS" starttime="20210403 17:56:41.616" endtime="20210403 17:56:46.335"/>
</kw>
<status status="PASS" starttime="20210403 17:56:41.615" endtime="20210403 17:56:46.335"/>
</test>
<test id="s1-s1-t5" name="Test05: Open Drag and Drop page">
<kw name="Abrir tela" library="home_page">
<arg>Drag and Drop</arg>
<arg>drag</arg>
<kw name="Given that I open the &quot;Training Wheels Protocol&quot;" library="home_page" sourcename="Given that I open the &quot;${text}&quot;">
<kw name="Go To" library="SeleniumLibrary">
<arg>${BASE_URL}</arg>
<doc>Navigates the current browser window to the provided ``url``.</doc>
<msg timestamp="20210403 17:56:46.339" level="INFO">Opening url 'https://training-wheels-protocol.herokuapp.com'</msg>
<status status="PASS" starttime="20210403 17:56:46.339" endtime="20210403 17:56:46.638"/>
</kw>
<kw name="Title Should Be" library="SeleniumLibrary">
<arg>${text}</arg>
<doc>Verifies that the current page title equals ``title``.</doc>
<msg timestamp="20210403 17:56:46.642" level="INFO">Page title is 'Training Wheels Protocol'.</msg>
<status status="PASS" starttime="20210403 17:56:46.638" endtime="20210403 17:56:46.642"/>
</kw>
<status status="PASS" starttime="20210403 17:56:46.338" endtime="20210403 17:56:46.642"/>
</kw>
<kw name="When I open &quot;${text}&quot;" library="home_page" sourcename="When I open &quot;${LINK}&quot;">
<kw name="Click Element" library="SeleniumLibrary">
<arg>xpath://a[contains(text(),"${LINK}")]</arg>
<doc>Click the element identified by ``locator``.</doc>
<msg timestamp="20210403 17:56:46.643" level="INFO">Clicking element 'xpath://a[contains(text(),"Drag and Drop")]'.</msg>
<status status="PASS" starttime="20210403 17:56:46.643" endtime="20210403 17:56:56.686"/>
</kw>
<status status="PASS" starttime="20210403 17:56:46.642" endtime="20210403 17:56:56.686"/>
</kw>
<kw name="Then I must see the &quot;${url}&quot; URL" library="home_page" sourcename="Then I must see the &quot;${url}&quot; URL">
<kw name="Location Should Contain" library="SeleniumLibrary">
<arg>${url}</arg>
<doc>Verifies that the current URL contains ``expected``.</doc>
<msg timestamp="20210403 17:56:56.690" level="INFO">Current location contains 'drag'.</msg>
<status status="PASS" starttime="20210403 17:56:56.686" endtime="20210403 17:56:56.690"/>
</kw>
<status status="PASS" starttime="20210403 17:56:56.686" endtime="20210403 17:56:56.691"/>
</kw>
<status status="PASS" starttime="20210403 17:56:46.338" endtime="20210403 17:56:56.691"/>
</kw>
<status status="PASS" starttime="20210403 17:56:46.337" endtime="20210403 17:56:56.691"/>
</test>
<test id="s1-s1-t6" name="Test06: Open Select2 - Uma opção page">
<kw name="Abrir tela" library="home_page">
<arg>Select2 - Uma opção</arg>
<arg>single</arg>
<kw name="Given that I open the &quot;Training Wheels Protocol&quot;" library="home_page" sourcename="Given that I open the &quot;${text}&quot;">
<kw name="Go To" library="SeleniumLibrary">
<arg>${BASE_URL}</arg>
<doc>Navigates the current browser window to the provided ``url``.</doc>
<msg timestamp="20210403 17:56:56.695" level="INFO">Opening url 'https://training-wheels-protocol.herokuapp.com'</msg>
<status status="PASS" starttime="20210403 17:56:56.695" endtime="20210403 17:56:56.984"/>
</kw>
<kw name="Title Should Be" library="SeleniumLibrary">
<arg>${text}</arg>
<doc>Verifies that the current page title equals ``title``.</doc>
<msg timestamp="20210403 17:56:56.987" level="INFO">Page title is 'Training Wheels Protocol'.</msg>
<status status="PASS" starttime="20210403 17:56:56.984" endtime="20210403 17:56:56.987"/>
</kw>
<status status="PASS" starttime="20210403 17:56:56.694" endtime="20210403 17:56:56.987"/>
</kw>
<kw name="When I open &quot;${text}&quot;" library="home_page" sourcename="When I open &quot;${LINK}&quot;">
<kw name="Click Element" library="SeleniumLibrary">
<arg>xpath://a[contains(text(),"${LINK}")]</arg>
<doc>Click the element identified by ``locator``.</doc>
<msg timestamp="20210403 17:56:56.988" level="INFO">Clicking element 'xpath://a[contains(text(),"Select2 - Uma opção")]'.</msg>
<status status="PASS" starttime="20210403 17:56:56.988" endtime="20210403 17:57:20.057"/>
</kw>
<status status="PASS" starttime="20210403 17:56:56.987" endtime="20210403 17:57:20.057"/>
</kw>
<kw name="Then I must see the &quot;${url}&quot; URL" library="home_page" sourcename="Then I must see the &quot;${url}&quot; URL">
<kw name="Location Should Contain" library="SeleniumLibrary">
<arg>${url}</arg>
<doc>Verifies that the current URL contains ``expected``.</doc>
<msg timestamp="20210403 17:57:20.062" level="INFO">Current location contains 'single'.</msg>
<status status="PASS" starttime="20210403 17:57:20.058" endtime="20210403 17:57:20.062"/>
</kw>
<status status="PASS" starttime="20210403 17:57:20.057" endtime="20210403 17:57:20.062"/>
</kw>
<status status="PASS" starttime="20210403 17:56:56.694" endtime="20210403 17:57:20.062"/>
</kw>
<status status="PASS" starttime="20210403 17:56:56.693" endtime="20210403 17:57:20.063"/>
</test>
<test id="s1-s1-t7" name="Test07: Open Select2 - Multiplas opções page">
<kw name="Abrir tela" library="home_page">
<arg>Select2 - Multiplas opções</arg>
<arg>multi</arg>
<kw name="Given that I open the &quot;Training Wheels Protocol&quot;" library="home_page" sourcename="Given that I open the &quot;${text}&quot;">
<kw name="Go To" library="SeleniumLibrary">
<arg>${BASE_URL}</arg>
<doc>Navigates the current browser window to the provided ``url``.</doc>
<msg timestamp="20210403 17:57:20.066" level="INFO">Opening url 'https://training-wheels-protocol.herokuapp.com'</msg>
<status status="PASS" starttime="20210403 17:57:20.065" endtime="20210403 17:57:20.454"/>
</kw>
<kw name="Title Should Be" library="SeleniumLibrary">
<arg>${text}</arg>
<doc>Verifies that the current page title equals ``title``.</doc>
<msg timestamp="20210403 17:57:20.458" level="INFO">Page title is 'Training Wheels Protocol'.</msg>
<status status="PASS" starttime="20210403 17:57:20.454" endtime="20210403 17:57:20.458"/>
</kw>
<status status="PASS" starttime="20210403 17:57:20.065" endtime="20210403 17:57:20.458"/>
</kw>
<kw name="When I open &quot;${text}&quot;" library="home_page" sourcename="When I open &quot;${LINK}&quot;">
<kw name="Click Element" library="SeleniumLibrary">
<arg>xpath://a[contains(text(),"${LINK}")]</arg>
<doc>Click the element identified by ``locator``.</doc>
<msg timestamp="20210403 17:57:20.459" level="INFO">Clicking element 'xpath://a[contains(text(),"Select2 - Multiplas opções")]'.</msg>
<status status="PASS" starttime="20210403 17:57:20.459" endtime="20210403 17:57:20.779"/>
</kw>
<status status="PASS" starttime="20210403 17:57:20.458" endtime="20210403 17:57:20.779"/>
</kw>
<kw name="Then I must see the &quot;${url}&quot; URL" library="home_page" sourcename="Then I must see the &quot;${url}&quot; URL">
<kw name="Location Should Contain" library="SeleniumLibrary">
<arg>${url}</arg>
<doc>Verifies that the current URL contains ``expected``.</doc>
<msg timestamp="20210403 17:57:20.783" level="INFO">Current location contains 'multi'.</msg>
<status status="PASS" starttime="20210403 17:57:20.780" endtime="20210403 17:57:20.783"/>
</kw>
<status status="PASS" starttime="20210403 17:57:20.780" endtime="20210403 17:57:20.783"/>
</kw>
<status status="PASS" starttime="20210403 17:57:20.065" endtime="20210403 17:57:20.783"/>
</kw>
<status status="PASS" starttime="20210403 17:57:20.064" endtime="20210403 17:57:20.784"/>
</test>
<test id="s1-s1-t8" name="Test08: Open Controle Dinâmico page">
<kw name="Abrir tela" library="home_page">
<arg>Controle Dinâmico</arg>
<arg>dynamic</arg>
<kw name="Given that I open the &quot;Training Wheels Protocol&quot;" library="home_page" sourcename="Given that I open the &quot;${text}&quot;">
<kw name="Go To" library="SeleniumLibrary">
<arg>${BASE_URL}</arg>
<doc>Navigates the current browser window to the provided ``url``.</doc>
<msg timestamp="20210403 17:57:20.788" level="INFO">Opening url 'https://training-wheels-protocol.herokuapp.com'</msg>
<status status="PASS" starttime="20210403 17:57:20.788" endtime="20210403 17:57:21.117"/>
</kw>
<kw name="Title Should Be" library="SeleniumLibrary">
<arg>${text}</arg>
<doc>Verifies that the current page title equals ``title``.</doc>
<msg timestamp="20210403 17:57:21.122" level="INFO">Page title is 'Training Wheels Protocol'.</msg>
<status status="PASS" starttime="20210403 17:57:21.117" endtime="20210403 17:57:21.122"/>
</kw>
<status status="PASS" starttime="20210403 17:57:20.786" endtime="20210403 17:57:21.122"/>
</kw>
<kw name="When I open &quot;${text}&quot;" library="home_page" sourcename="When I open &quot;${LINK}&quot;">
<kw name="Click Element" library="SeleniumLibrary">
<arg>xpath://a[contains(text(),"${LINK}")]</arg>
<doc>Click the element identified by ``locator``.</doc>
<msg timestamp="20210403 17:57:21.123" level="INFO">Clicking element 'xpath://a[contains(text(),"Controle Dinâmico")]'.</msg>
<status status="PASS" starttime="20210403 17:57:21.122" endtime="20210403 17:57:21.562"/>
</kw>
<status status="PASS" starttime="20210403 17:57:21.122" endtime="20210403 17:57:21.563"/>
</kw>
<kw name="Then I must see the &quot;${url}&quot; URL" library="home_page" sourcename="Then I must see the &quot;${url}&quot; URL">
<kw name="Location Should Contain" library="SeleniumLibrary">
<arg>${url}</arg>
<doc>Verifies that the current URL contains ``expected``.</doc>
<msg timestamp="20210403 17:57:21.566" level="INFO">Current location contains 'dynamic'.</msg>
<status status="PASS" starttime="20210403 17:57:21.563" endtime="20210403 17:57:21.566"/>
</kw>
<status status="PASS" starttime="20210403 17:57:21.563" endtime="20210403 17:57:21.567"/>
</kw>
<status status="PASS" starttime="20210403 17:57:20.786" endtime="20210403 17:57:21.567"/>
</kw>
<status status="PASS" starttime="20210403 17:57:20.785" endtime="20210403 17:57:21.567"/>
</test>
<test id="s1-s1-t9" name="Test09: Open Upload de arquivos page">
<kw name="Abrir tela" library="home_page">
<arg>Upload de arquivos</arg>
<arg>upload</arg>
<kw name="Given that I open the &quot;Training Wheels Protocol&quot;" library="home_page" sourcename="Given that I open the &quot;${text}&quot;">
<kw name="Go To" library="SeleniumLibrary">
<arg>${BASE_URL}</arg>
<doc>Navigates the current browser window to the provided ``url``.</doc>
<msg timestamp="20210403 17:57:21.572" level="INFO">Opening url 'https://training-wheels-protocol.herokuapp.com'</msg>
<status status="PASS" starttime="20210403 17:57:21.571" endtime="20210403 17:57:21.876"/>
</kw>
<kw name="Title Should Be" library="SeleniumLibrary">
<arg>${text}</arg>
<doc>Verifies that the current page title equals ``title``.</doc>
<msg timestamp="20210403 17:57:21.881" level="INFO">Page title is 'Training Wheels Protocol'.</msg>
<status status="PASS" starttime="20210403 17:57:21.876" endtime="20210403 17:57:21.881"/>
</kw>
<status status="PASS" starttime="20210403 17:57:21.571" endtime="20210403 17:57:21.881"/>
</kw>
<kw name="When I open &quot;${text}&quot;" library="home_page" sourcename="When I open &quot;${LINK}&quot;">
<kw name="Click Element" library="SeleniumLibrary">
<arg>xpath://a[contains(text(),"${LINK}")]</arg>
<doc>Click the element identified by ``locator``.</doc>
<msg timestamp="20210403 17:57:21.882" level="INFO">Clicking element 'xpath://a[contains(text(),"Upload de arquivos")]'.</msg>
<status status="PASS" starttime="20210403 17:57:21.881" endtime="20210403 17:57:23.160"/>
</kw>
<status status="PASS" starttime="20210403 17:57:21.881" endtime="20210403 17:57:23.160"/>
</kw>
<kw name="Then I must see the &quot;${url}&quot; URL" library="home_page" sourcename="Then I must see the &quot;${url}&quot; URL">
<kw name="Location Should Contain" library="SeleniumLibrary">
<arg>${url}</arg>
<doc>Verifies that the current URL contains ``expected``.</doc>
<msg timestamp="20210403 17:57:23.164" level="INFO">Current location contains 'upload'.</msg>
<status status="PASS" starttime="20210403 17:57:23.160" endtime="20210403 17:57:23.164"/>
</kw>
<status status="PASS" starttime="20210403 17:57:23.160" endtime="20210403 17:57:23.164"/>
</kw>
<status status="PASS" starttime="20210403 17:57:21.570" endtime="20210403 17:57:23.165"/>
</kw>
<status status="PASS" starttime="20210403 17:57:21.569" endtime="20210403 17:57:23.165"/>
</test>
<test id="s1-s1-t10" name="Test10: Open Login com campo randômico page">
<kw name="Abrir tela" library="home_page">
<arg>Login com campo randômico</arg>
<arg>login2</arg>
<kw name="Given that I open the &quot;Training Wheels Protocol&quot;" library="home_page" sourcename="Given that I open the &quot;${text}&quot;">
<kw name="Go To" library="SeleniumLibrary">
<arg>${BASE_URL}</arg>
<doc>Navigates the current browser window to the provided ``url``.</doc>
<msg timestamp="20210403 17:57:23.168" level="INFO">Opening url 'https://training-wheels-protocol.herokuapp.com'</msg>
<status status="PASS" starttime="20210403 17:57:23.168" endtime="20210403 17:57:23.459"/>
</kw>
<kw name="Title Should Be" library="SeleniumLibrary">
<arg>${text}</arg>
<doc>Verifies that the current page title equals ``title``.</doc>
<msg timestamp="20210403 17:57:23.464" level="INFO">Page title is 'Training Wheels Protocol'.</msg>
<status status="PASS" starttime="20210403 17:57:23.459" endtime="20210403 17:57:23.465"/>
</kw>
<status status="PASS" starttime="20210403 17:57:23.168" endtime="20210403 17:57:23.465"/>
</kw>
<kw name="When I open &quot;${text}&quot;" library="home_page" sourcename="When I open &quot;${LINK}&quot;">
<kw name="Click Element" library="SeleniumLibrary">
<arg>xpath://a[contains(text(),"${LINK}")]</arg>
<doc>Click the element identified by ``locator``.</doc>
<msg timestamp="20210403 17:57:23.465" level="INFO">Clicking element 'xpath://a[contains(text(),"Login com campo randômico")]'.</msg>
<status status="PASS" starttime="20210403 17:57:23.465" endtime="20210403 17:57:23.782"/>
</kw>
<status status="PASS" starttime="20210403 17:57:23.465" endtime="20210403 17:57:23.782"/>
</kw>
<kw name="Then I must see the &quot;${url}&quot; URL" library="home_page" sourcename="Then I must see the &quot;${url}&quot; URL">
<kw name="Location Should Contain" library="SeleniumLibrary">
<arg>${url}</arg>
<doc>Verifies that the current URL contains ``expected``.</doc>
<msg timestamp="20210403 17:57:23.787" level="INFO">Current location contains 'login2'.</msg>
<status status="PASS" starttime="20210403 17:57:23.783" endtime="20210403 17:57:23.787"/>
</kw>
<status status="PASS" starttime="20210403 17:57:23.782" endtime="20210403 17:57:23.788"/>
</kw>
<status status="PASS" starttime="20210403 17:57:23.167" endtime="20210403 17:57:23.788"/>
</kw>
<status status="PASS" starttime="20210403 17:57:23.167" endtime="20210403 17:57:23.788"/>
</test>
<test id="s1-s1-t11" name="Test11: Open Login com Cadastro page">
<kw name="Abrir tela" library="home_page">
<arg>Login com Cadastro</arg>
<arg>access</arg>
<kw name="Given that I open the &quot;Training Wheels Protocol&quot;" library="home_page" sourcename="Given that I open the &quot;${text}&quot;">
<kw name="Go To" library="SeleniumLibrary">
<arg>${BASE_URL}</arg>
<doc>Navigates the current browser window to the provided ``url``.</doc>
<msg timestamp="20210403 17:57:23.791" level="INFO">Opening url 'https://training-wheels-protocol.herokuapp.com'</msg>
<status status="PASS" starttime="20210403 17:57:23.791" endtime="20210403 17:57:24.096"/>
</kw>
<kw name="Title Should Be" library="SeleniumLibrary">
<arg>${text}</arg>
<doc>Verifies that the current page title equals ``title``.</doc>
<msg timestamp="20210403 17:57:24.100" level="INFO">Page title is 'Training Wheels Protocol'.</msg>
<status status="PASS" starttime="20210403 17:57:24.096" endtime="20210403 17:57:24.100"/>
</kw>
<status status="PASS" starttime="20210403 17:57:23.791" endtime="20210403 17:57:24.101"/>
</kw>
<kw name="When I open &quot;${text}&quot;" library="home_page" sourcename="When I open &quot;${LINK}&quot;">
<kw name="Click Element" library="SeleniumLibrary">
<arg>xpath://a[contains(text(),"${LINK}")]</arg>
<doc>Click the element identified by ``locator``.</doc>
<msg timestamp="20210403 17:57:24.101" level="INFO">Clicking element 'xpath://a[contains(text(),"Login com Cadastro")]'.</msg>
<status status="PASS" starttime="20210403 17:57:24.101" endtime="20210403 17:57:24.440"/>
</kw>
<status status="PASS" starttime="20210403 17:57:24.101" endtime="20210403 17:57:24.440"/>
</kw>
<kw name="Then I must see the &quot;${url}&quot; URL" library="home_page" sourcename="Then I must see the &quot;${url}&quot; URL">
<kw name="Location Should Contain" library="SeleniumLibrary">
<arg>${url}</arg>
<doc>Verifies that the current URL contains ``expected``.</doc>
<msg timestamp="20210403 17:57:24.445" level="INFO">Current location contains 'access'.</msg>
<status status="PASS" starttime="20210403 17:57:24.441" endtime="20210403 17:57:24.445"/>
</kw>
<status status="PASS" starttime="20210403 17:57:24.440" endtime="20210403 17:57:24.445"/>
</kw>
<status status="PASS" starttime="20210403 17:57:23.791" endtime="20210403 17:57:24.445"/>
</kw>
<status status="PASS" starttime="20210403 17:57:23.790" endtime="20210403 17:57:24.446"/>
</test>
<test id="s1-s1-t12" name="Test12: Open iFrame Bom page">
<kw name="Abrir tela" library="home_page">
<arg>iFrame Bom</arg>
<arg>nice</arg>
<kw name="Given that I open the &quot;Training Wheels Protocol&quot;" library="home_page" sourcename="Given that I open the &quot;${text}&quot;">
<kw name="Go To" library="SeleniumLibrary">
<arg>${BASE_URL}</arg>
<doc>Navigates the current browser window to the provided ``url``.</doc>
<msg timestamp="20210403 17:57:24.449" level="INFO">Opening url 'https://training-wheels-protocol.herokuapp.com'</msg>
<status status="PASS" starttime="20210403 17:57:24.449" endtime="20210403 17:57:24.735"/>
</kw>
<kw name="Title Should Be" library="SeleniumLibrary">
<arg>${text}</arg>
<doc>Verifies that the current page title equals ``title``.</doc>
<msg timestamp="20210403 17:57:24.737" level="INFO">Page title is 'Training Wheels Protocol'.</msg>
<status status="PASS" starttime="20210403 17:57:24.735" endtime="20210403 17:57:24.737"/>
</kw>
<status status="PASS" starttime="20210403 17:57:24.449" endtime="20210403 17:57:24.738"/>
</kw>
<kw name="When I open &quot;${text}&quot;" library="home_page" sourcename="When I open &quot;${LINK}&quot;">
<kw name="Click Element" library="SeleniumLibrary">
<arg>xpath://a[contains(text(),"${LINK}")]</arg>
<doc>Click the element identified by ``locator``.</doc>
<msg timestamp="20210403 17:57:24.738" level="INFO">Clicking element 'xpath://a[contains(text(),"iFrame Bom")]'.</msg>
<status status="PASS" starttime="20210403 17:57:24.738" endtime="20210403 17:57:35.214"/>
</kw>
<status status="PASS" starttime="20210403 17:57:24.738" endtime="20210403 17:57:35.214"/>
</kw>
<kw name="Then I must see the &quot;${url}&quot; URL" library="home_page" sourcename="Then I must see the &quot;${url}&quot; URL">
<kw name="Location Should Contain" library="SeleniumLibrary">
<arg>${url}</arg>
<doc>Verifies that the current URL contains ``expected``.</doc>
<msg timestamp="20210403 17:57:35.218" level="INFO">Current location contains 'nice'.</msg>
<status status="PASS" starttime="20210403 17:57:35.215" endtime="20210403 17:57:35.219"/>
</kw>
<status status="PASS" starttime="20210403 17:57:35.214" endtime="20210403 17:57:35.219"/>
</kw>
<status status="PASS" starttime="20210403 17:57:24.448" endtime="20210403 17:57:35.219"/>
</kw>
<status status="PASS" starttime="20210403 17:57:24.447" endtime="20210403 17:57:35.219"/>
</test>
<test id="s1-s1-t13" name="Test13: Open iFrame Ruim page">
<kw name="Abrir tela" library="home_page">
<arg>iFrame Ruim</arg>
<arg>bad</arg>
<kw name="Given that I open the &quot;Training Wheels Protocol&quot;" library="home_page" sourcename="Given that I open the &quot;${text}&quot;">
<kw name="Go To" library="SeleniumLibrary">
<arg>${BASE_URL}</arg>
<doc>Navigates the current browser window to the provided ``url``.</doc>
<msg timestamp="20210403 17:57:35.221" level="INFO">Opening url 'https://training-wheels-protocol.herokuapp.com'</msg>
<status status="PASS" starttime="20210403 17:57:35.221" endtime="20210403 17:57:35.565"/>
</kw>
<kw name="Title Should Be" library="SeleniumLibrary">
<arg>${text}</arg>
<doc>Verifies that the current page title equals ``title``.</doc>
<msg timestamp="20210403 17:57:35.573" level="INFO">Page title is 'Training Wheels Protocol'.</msg>
<status status="PASS" starttime="20210403 17:57:35.566" endtime="20210403 17:57:35.573"/>
</kw>
<status status="PASS" starttime="20210403 17:57:35.221" endtime="20210403 17:57:35.573"/>
</kw>
<kw name="When I open &quot;${text}&quot;" library="home_page" sourcename="When I open &quot;${LINK}&quot;">
<kw name="Click Element" library="SeleniumLibrary">
<arg>xpath://a[contains(text(),"${LINK}")]</arg>
<doc>Click the element identified by ``locator``.</doc>
<msg timestamp="20210403 17:57:35.574" level="INFO">Clicking element 'xpath://a[contains(text(),"iFrame Ruim")]'.</msg>
<status status="PASS" starttime="20210403 17:57:35.573" endtime="20210403 17:57:38.540"/>
</kw>
<status status="PASS" starttime="20210403 17:57:35.573" endtime="20210403 17:57:38.540"/>
</kw>
<kw name="Then I must see the &quot;${url}&quot; URL" library="home_page" sourcename="Then I must see the &quot;${url}&quot; URL">
<kw name="Location Should Contain" library="SeleniumLibrary">
<arg>${url}</arg>
<doc>Verifies that the current URL contains ``expected``.</doc>
<msg timestamp="20210403 17:57:38.544" level="INFO">Current location contains 'bad'.</msg>
<status status="PASS" starttime="20210403 17:57:38.541" endtime="20210403 17:57:38.544"/>
</kw>
<status status="PASS" starttime="20210403 17:57:38.540" endtime="20210403 17:57:38.545"/>
</kw>
<status status="PASS" starttime="20210403 17:57:35.220" endtime="20210403 17:57:38.545"/>
</kw>
<status status="PASS" starttime="20210403 17:57:35.220" endtime="20210403 17:57:38.545"/>
</test>
<test id="s1-s1-t14" name="Test14: Open Hovers page">
<kw name="Abrir tela" library="home_page">
<arg>Hovers</arg>
<arg>hovers</arg>
<kw name="Given that I open the &quot;Training Wheels Protocol&quot;" library="home_page" sourcename="Given that I open the &quot;${text}&quot;">
<kw name="Go To" library="SeleniumLibrary">
<arg>${BASE_URL}</arg>
<doc>Navigates the current browser window to the provided ``url``.</doc>
<msg timestamp="20210403 17:57:38.548" level="INFO">Opening url 'https://training-wheels-protocol.herokuapp.com'</msg>
<status status="PASS" starttime="20210403 17:57:38.547" endtime="20210403 17:57:38.945"/>
</kw>
<kw name="Title Should Be" library="SeleniumLibrary">
<arg>${text}</arg>
<doc>Verifies that the current page title equals ``title``.</doc>
<msg timestamp="20210403 17:57:38.952" level="INFO">Page title is 'Training Wheels Protocol'.</msg>
<status status="PASS" starttime="20210403 17:57:38.946" endtime="20210403 17:57:38.952"/>
</kw>
<status status="PASS" starttime="20210403 17:57:38.547" endtime="20210403 17:57:38.952"/>
</kw>
<kw name="When I open &quot;${text}&quot;" library="home_page" sourcename="When I open &quot;${LINK}&quot;">
<kw name="Click Element" library="SeleniumLibrary">
<arg>xpath://a[contains(text(),"${LINK}")]</arg>
<doc>Click the element identified by ``locator``.</doc>
<msg timestamp="20210403 17:57:38.952" level="INFO">Clicking element 'xpath://a[contains(text(),"Hovers")]'.</msg>
<status status="PASS" starttime="20210403 17:57:38.952" endtime="20210403 17:57:42.456"/>
</kw>
<status status="PASS" starttime="20210403 17:57:38.952" endtime="20210403 17:57:42.456"/>
</kw>
<kw name="Then I must see the &quot;${url}&quot; URL" library="home_page" sourcename="Then I must see the &quot;${url}&quot; URL">
<kw name="Location Should Contain" library="SeleniumLibrary">
<arg>${url}</arg>
<doc>Verifies that the current URL contains ``expected``.</doc>
<msg timestamp="20210403 17:57:42.459" level="INFO">Current location contains 'hovers'.</msg>
<status status="PASS" starttime="20210403 17:57:42.456" endtime="20210403 17:57:42.459"/>
</kw>
<status status="PASS" starttime="20210403 17:57:42.456" endtime="20210403 17:57:42.459"/>
</kw>
<status status="PASS" starttime="20210403 17:57:38.547" endtime="20210403 17:57:42.460"/>
</kw>
<status status="PASS" starttime="20210403 17:57:38.547" endtime="20210403 17:57:42.460"/>
</test>
<test id="s1-s1-t15" name="Test15: Open Alertas em JavaScript page">
<kw name="Abrir tela" library="home_page">
<arg>Alertas em JavaScript</arg>
<arg>javascript</arg>
<kw name="Given that I open the &quot;Training Wheels Protocol&quot;" library="home_page" sourcename="Given that I open the &quot;${text}&quot;">
<kw name="Go To" library="SeleniumLibrary">
<arg>${BASE_URL}</arg>
<doc>Navigates the current browser window to the provided ``url``.</doc>
<msg timestamp="20210403 17:57:42.464" level="INFO">Opening url 'https://training-wheels-protocol.herokuapp.com'</msg>
<status status="PASS" starttime="20210403 17:57:42.464" endtime="20210403 17:57:43.062"/>
</kw>
<kw name="Title Should Be" library="SeleniumLibrary">
<arg>${text}</arg>
<doc>Verifies that the current page title equals ``title``.</doc>
<msg timestamp="20210403 17:57:43.069" level="INFO">Page title is 'Training Wheels Protocol'.</msg>
<status status="PASS" starttime="20210403 17:57:43.062" endtime="20210403 17:57:43.069"/>
</kw>
<status status="PASS" starttime="20210403 17:57:42.463" endtime="20210403 17:57:43.069"/>
</kw>
<kw name="When I open &quot;${text}&quot;" library="home_page" sourcename="When I open &quot;${LINK}&quot;">
<kw name="Click Element" library="SeleniumLibrary">
<arg>xpath://a[contains(text(),"${LINK}")]</arg>
<doc>Click the element identified by ``locator``.</doc>
<msg timestamp="20210403 17:57:43.070" level="INFO">Clicking element 'xpath://a[contains(text(),"Alertas em JavaScript")]'.</msg>
<status status="PASS" starttime="20210403 17:57:43.069" endtime="20210403 17:57:43.370"/>
</kw>
<status status="PASS" starttime="20210403 17:57:43.069" endtime="20210403 17:57:43.370"/>
</kw>
<kw name="Then I must see the &quot;${url}&quot; URL" library="home_page" sourcename="Then I must see the &quot;${url}&quot; URL">
<kw name="Location Should Contain" library="SeleniumLibrary">
<arg>${url}</arg>
<doc>Verifies that the current URL contains ``expected``.</doc>
<msg timestamp="20210403 17:57:43.373" level="INFO">Current location contains 'javascript'.</msg>
<status status="PASS" starttime="20210403 17:57:43.371" endtime="20210403 17:57:43.373"/>
</kw>
<status status="PASS" starttime="20210403 17:57:43.370" endtime="20210403 17:57:43.373"/>
</kw>
<status status="PASS" starttime="20210403 17:57:42.463" endtime="20210403 17:57:43.373"/>
</kw>
<status status="PASS" starttime="20210403 17:57:42.462" endtime="20210403 17:57:43.374"/>
</test>
<test id="s1-s1-t16" name="Test16: Open Modal com Sweet Alert page">
<kw name="Abrir tela" library="home_page">
<arg>Modal com Sweet Alert</arg>
<arg>alert</arg>
<kw name="Given that I open the &quot;Training Wheels Protocol&quot;" library="home_page" sourcename="Given that I open the &quot;${text}&quot;">
<kw name="Go To" library="SeleniumLibrary">
<arg>${BASE_URL}</arg>
<doc>Navigates the current browser window to the provided ``url``.</doc>
<msg timestamp="20210403 17:57:43.376" level="INFO">Opening url 'https://training-wheels-protocol.herokuapp.com'</msg>
<status status="PASS" starttime="20210403 17:57:43.376" endtime="20210403 17:57:43.644"/>
</kw>
<kw name="Title Should Be" library="SeleniumLibrary">
<arg>${text}</arg>
<doc>Verifies that the current page title equals ``title``.</doc>
<msg timestamp="20210403 17:57:43.657" level="INFO">Page title is 'Training Wheels Protocol'.</msg>
<status status="PASS" starttime="20210403 17:57:43.644" endtime="20210403 17:57:43.657"/>
</kw>
<status status="PASS" starttime="20210403 17:57:43.376" endtime="20210403 17:57:43.657"/>
</kw>
<kw name="When I open &quot;${text}&quot;" library="home_page" sourcename="When I open &quot;${LINK}&quot;">
<kw name="Click Element" library="SeleniumLibrary">
<arg>xpath://a[contains(text(),"${LINK}")]</arg>
<doc>Click the element identified by ``locator``.</doc>
<msg timestamp="20210403 17:57:43.658" level="INFO">Clicking element 'xpath://a[contains(text(),"Modal com Sweet Alert")]'.</msg>
<status status="PASS" starttime="20210403 17:57:43.658" endtime="20210403 17:57:43.957"/>
</kw>
<status status="PASS" starttime="20210403 17:57:43.658" endtime="20210403 17:57:43.957"/>
</kw>
<kw name="Then I must see the &quot;${url}&quot; URL" library="home_page" sourcename="Then I must see the &quot;${url}&quot; URL">
<kw name="Location Should Contain" library="SeleniumLibrary">
<arg>${url}</arg>
<doc>Verifies that the current URL contains ``expected``.</doc>
<msg timestamp="20210403 17:57:43.964" level="INFO">Current location contains 'alert'.</msg>
<status status="PASS" starttime="20210403 17:57:43.958" endtime="20210403 17:57:43.964"/>
</kw>
<status status="PASS" starttime="20210403 17:57:43.957" endtime="20210403 17:57:43.964"/>
</kw>
<status status="PASS" starttime="20210403 17:57:43.375" endtime="20210403 17:57:43.964"/>
</kw>
<status status="PASS" starttime="20210403 17:57:43.375" endtime="20210403 17:57:43.964"/>
</test>
<test id="s1-s1-t17" name="Test17: Open Botões do Teclado page">
<kw name="Abrir tela" library="home_page">
<arg>Botões do Teclado</arg>
<arg>key</arg>
<kw name="Given that I open the &quot;Training Wheels Protocol&quot;" library="home_page" sourcename="Given that I open the &quot;${text}&quot;">
<kw name="Go To" library="SeleniumLibrary">
<arg>${BASE_URL}</arg>
<doc>Navigates the current browser window to the provided ``url``.</doc>
<msg timestamp="20210403 17:57:43.967" level="INFO">Opening url 'https://training-wheels-protocol.herokuapp.com'</msg>
<status status="PASS" starttime="20210403 17:57:43.967" endtime="20210403 17:57:44.334"/>
</kw>
<kw name="Title Should Be" library="SeleniumLibrary">
<arg>${text}</arg>
<doc>Verifies that the current page title equals ``title``.</doc>
<msg timestamp="20210403 17:57:44.340" level="INFO">Page title is 'Training Wheels Protocol'.</msg>
<status status="PASS" starttime="20210403 17:57:44.334" endtime="20210403 17:57:44.340"/>
</kw>
<status status="PASS" starttime="20210403 17:57:43.967" endtime="20210403 17:57:44.340"/>
</kw>
<kw name="When I open &quot;${text}&quot;" library="home_page" sourcename="When I open &quot;${LINK}&quot;">
<kw name="Click Element" library="SeleniumLibrary">
<arg>xpath://a[contains(text(),"${LINK}")]</arg>
<doc>Click the element identified by ``locator``.</doc>
<msg timestamp="20210403 17:57:44.340" level="INFO">Clicking element 'xpath://a[contains(text(),"Botões do Teclado")]'.</msg>
<status status="PASS" starttime="20210403 17:57:44.340" endtime="20210403 17:57:44.699"/>
</kw>
<status status="PASS" starttime="20210403 17:57:44.340" endtime="20210403 17:57:44.699"/>
</kw>
<kw name="Then I must see the &quot;${url}&quot; URL" library="home_page" sourcename="Then I must see the &quot;${url}&quot; URL">
<kw name="Location Should Contain" library="SeleniumLibrary">
<arg>${url}</arg>
<doc>Verifies that the current URL contains ``expected``.</doc>
<msg timestamp="20210403 17:57:44.708" level="INFO">Current location contains 'key'.</msg>
<status status="PASS" starttime="20210403 17:57:44.700" endtime="20210403 17:57:44.708"/>
</kw>
<status status="PASS" starttime="20210403 17:57:44.700" endtime="20210403 17:57:44.708"/>
</kw>
<status status="PASS" starttime="20210403 17:57:43.967" endtime="20210403 17:57:44.708"/>
</kw>
<status status="PASS" starttime="20210403 17:57:43.966" endtime="20210403 17:57:44.708"/>
</test>
<test id="s1-s1-t18" name="Test18: Open Nova Janela page">
<kw name="Abrir tela" library="home_page">
<arg>Nova Janela</arg>
<arg>windows</arg>
<kw name="Given that I open the &quot;Training Wheels Protocol&quot;" library="home_page" sourcename="Given that I open the &quot;${text}&quot;">
<kw name="Go To" library="SeleniumLibrary">
<arg>${BASE_URL}</arg>
<doc>Navigates the current browser window to the provided ``url``.</doc>
<msg timestamp="20210403 17:57:44.712" level="INFO">Opening url 'https://training-wheels-protocol.herokuapp.com'</msg>
<status status="PASS" starttime="20210403 17:57:44.712" endtime="20210403 17:57:44.988"/>
</kw>
<kw name="Title Should Be" library="SeleniumLibrary">
<arg>${text}</arg>
<doc>Verifies that the current page title equals ``title``.</doc>
<msg timestamp="20210403 17:57:44.993" level="INFO">Page title is 'Training Wheels Protocol'.</msg>
<status status="PASS" starttime="20210403 17:57:44.988" endtime="20210403 17:57:44.993"/>
</kw>
<status status="PASS" starttime="20210403 17:57:44.711" endtime="20210403 17:57:44.994"/>
</kw>
<kw name="When I open &quot;${text}&quot;" library="home_page" sourcename="When I open &quot;${LINK}&quot;">
<kw name="Click Element" library="SeleniumLibrary">
<arg>xpath://a[contains(text(),"${LINK}")]</arg>
<doc>Click the element identified by ``locator``.</doc>
<msg timestamp="20210403 17:57:44.994" level="INFO">Clicking element 'xpath://a[contains(text(),"Nova Janela")]'.</msg>
<status status="PASS" starttime="20210403 17:57:44.994" endtime="20210403 17:57:45.636"/>
</kw>
<status status="PASS" starttime="20210403 17:57:44.994" endtime="20210403 17:57:45.636"/>
</kw>
<kw name="Then I must see the &quot;${url}&quot; URL" library="home_page" sourcename="Then I must see the &quot;${url}&quot; URL">
<kw name="Location Should Contain" library="SeleniumLibrary">
<arg>${url}</arg>
<doc>Verifies that the current URL contains ``expected``.</doc>
<msg timestamp="20210403 17:57:45.640" level="INFO">Current location contains 'windows'.</msg>
<status status="PASS" starttime="20210403 17:57:45.637" endtime="20210403 17:57:45.641"/>
</kw>
<status status="PASS" starttime="20210403 17:57:45.636" endtime="20210403 17:57:45.641"/>
</kw>
<status status="PASS" starttime="20210403 17:57:44.711" endtime="20210403 17:57:45.641"/>
</kw>
<status status="PASS" starttime="20210403 17:57:44.710" endtime="20210403 17:57:45.641"/>
</test>
<test id="s1-s1-t19" name="Test19: Open Status Codes page">
<kw name="Abrir tela" library="home_page">
<arg>Status Codes</arg>
<arg>status</arg>
<kw name="Given that I open the &quot;Training Wheels Protocol&quot;" library="home_page" sourcename="Given that I open the &quot;${text}&quot;">
<kw name="Go To" library="SeleniumLibrary">
<arg>${BASE_URL}</arg>
<doc>Navigates the current browser window to the provided ``url``.</doc>
<msg timestamp="20210403 17:57:45.644" level="INFO">Opening url 'https://training-wheels-protocol.herokuapp.com'</msg>
<status status="PASS" starttime="20210403 17:57:45.644" endtime="20210403 17:57:45.936"/>
</kw>
<kw name="Title Should Be" library="SeleniumLibrary">
<arg>${text}</arg>
<doc>Verifies that the current page title equals ``title``.</doc>
<msg timestamp="20210403 17:57:45.940" level="INFO">Page title is 'Training Wheels Protocol'.</msg>
<status status="PASS" starttime="20210403 17:57:45.936" endtime="20210403 17:57:45.940"/>
</kw>
<status status="PASS" starttime="20210403 17:57:45.644" endtime="20210403 17:57:45.940"/>
</kw>
<kw name="When I open &quot;${text}&quot;" library="home_page" sourcename="When I open &quot;${LINK}&quot;">
<kw name="Click Element" library="SeleniumLibrary">
<arg>xpath://a[contains(text(),"${LINK}")]</arg>
<doc>Click the element identified by ``locator``.</doc>
<msg timestamp="20210403 17:57:45.941" level="INFO">Clicking element 'xpath://a[contains(text(),"Status Codes")]'.</msg>
<status status="PASS" starttime="20210403 17:57:45.941" endtime="20210403 17:57:46.330"/>
</kw>
<status status="PASS" starttime="20210403 17:57:45.940" endtime="20210403 17:57:46.330"/>
</kw>
<kw name="Then I must see the &quot;${url}&quot; URL" library="home_page" sourcename="Then I must see the &quot;${url}&quot; URL">
<kw name="Location Should Contain" library="SeleniumLibrary">
<arg>${url}</arg>
<doc>Verifies that the current URL contains ``expected``.</doc>
<msg timestamp="20210403 17:57:46.335" level="INFO">Current location contains 'status'.</msg>
<status status="PASS" starttime="20210403 17:57:46.330" endtime="20210403 17:57:46.335"/>
</kw>
<status status="PASS" starttime="20210403 17:57:46.330" endtime="20210403 17:57:46.335"/>
</kw>
<status status="PASS" starttime="20210403 17:57:45.643" endtime="20210403 17:57:46.335"/>
</kw>
<status status="PASS" starttime="20210403 17:57:45.643" endtime="20210403 17:57:46.336"/>
</test>
<test id="s1-s1-t20" name="Test20: Open Tabelas page">
<kw name="Abrir tela" library="home_page">
<arg>Tabelas</arg>
<arg>tables</arg>
<kw name="Given that I open the &quot;Training Wheels Protocol&quot;" library="home_page" sourcename="Given that I open the &quot;${text}&quot;">
<kw name="Go To" library="SeleniumLibrary">
<arg>${BASE_URL}</arg>
<doc>Navigates the current browser window to the provided ``url``.</doc>
<msg timestamp="20210403 17:57:46.340" level="INFO">Opening url 'https://training-wheels-protocol.herokuapp.com'</msg>
<status status="PASS" starttime="20210403 17:57:46.339" endtime="20210403 17:57:46.629"/>
</kw>
<kw name="Title Should Be" library="SeleniumLibrary">
<arg>${text}</arg>
<doc>Verifies that the current page title equals ``title``.</doc>
<msg timestamp="20210403 17:57:46.635" level="INFO">Page title is 'Training Wheels Protocol'.</msg>
<status status="PASS" starttime="20210403 17:57:46.629" endtime="20210403 17:57:46.635"/>
</kw>
<status status="PASS" starttime="20210403 17:57:46.339" endtime="20210403 17:57:46.635"/>
</kw>
<kw name="When I open &quot;${text}&quot;" library="home_page" sourcename="When I open &quot;${LINK}&quot;">
<kw name="Click Element" library="SeleniumLibrary">
<arg>xpath://a[contains(text(),"${LINK}")]</arg>
<doc>Click the element identified by ``locator``.</doc>
<msg timestamp="20210403 17:57:46.636" level="INFO">Clicking element 'xpath://a[contains(text(),"Tabelas")]'.</msg>
<status status="PASS" starttime="20210403 17:57:46.636" endtime="20210403 17:57:47.518"/>
</kw>
<status status="PASS" starttime="20210403 17:57:46.635" endtime="20210403 17:57:47.519"/>
</kw>
<kw name="Then I must see the &quot;${url}&quot; URL" library="home_page" sourcename="Then I must see the &quot;${url}&quot; URL">
<kw name="Location Should Contain" library="SeleniumLibrary">
<arg>${url}</arg>
<doc>Verifies that the current URL contains ``expected``.</doc>
<msg timestamp="20210403 17:57:47.523" level="INFO">Current location contains 'tables'.</msg>
<status status="PASS" starttime="20210403 17:57:47.519" endtime="20210403 17:57:47.523"/>
</kw>
<status status="PASS" starttime="20210403 17:57:47.519" endtime="20210403 17:57:47.523"/>
</kw>
<status status="PASS" starttime="20210403 17:57:46.339" endtime="20210403 17:57:47.523"/>
</kw>
<status status="PASS" starttime="20210403 17:57:46.338" endtime="20210403 17:57:47.524"/>
</test>
<test id="s1-s1-t21" name="Test21: Open Cadastro com Ajax page">
<kw name="Abrir tela" library="home_page">
<arg>Cadastro com Ajax</arg>
<arg>games</arg>
<kw name="Given that I open the &quot;Training Wheels Protocol&quot;" library="home_page" sourcename="Given that I open the &quot;${text}&quot;">
<kw name="Go To" library="SeleniumLibrary">
<arg>${BASE_URL}</arg>
<doc>Navigates the current browser window to the provided ``url``.</doc>
<msg timestamp="20210403 17:57:47.526" level="INFO">Opening url 'https://training-wheels-protocol.herokuapp.com'</msg>
<status status="PASS" starttime="20210403 17:57:47.526" endtime="20210403 17:57:47.961"/>
</kw>
<kw name="Title Should Be" library="SeleniumLibrary">
<arg>${text}</arg>
<doc>Verifies that the current page title equals ``title``.</doc>
<msg timestamp="20210403 17:57:47.965" level="INFO">Page title is 'Training Wheels Protocol'.</msg>
<status status="PASS" starttime="20210403 17:57:47.962" endtime="20210403 17:57:47.965"/>
</kw>
<status status="PASS" starttime="20210403 17:57:47.526" endtime="20210403 17:57:47.965"/>
</kw>
<kw name="When I open &quot;${text}&quot;" library="home_page" sourcename="When I open &quot;${LINK}&quot;">
<kw name="Click Element" library="SeleniumLibrary">
<arg>xpath://a[contains(text(),"${LINK}")]</arg>
<doc>Click the element identified by ``locator``.</doc>
<msg timestamp="20210403 17:57:47.966" level="INFO">Clicking element 'xpath://a[contains(text(),"Cadastro com Ajax")]'.</msg>
<status status="PASS" starttime="20210403 17:57:47.965" endtime="20210403 17:57:48.496"/>
</kw>
<status status="PASS" starttime="20210403 17:57:47.965" endtime="20210403 17:57:48.496"/>
</kw>
<kw name="Then I must see the &quot;${url}&quot; URL" library="home_page" sourcename="Then I must see the &quot;${url}&quot; URL">
<kw name="Location Should Contain" library="SeleniumLibrary">
<arg>${url}</arg>
<doc>Verifies that the current URL contains ``expected``.</doc>
<msg timestamp="20210403 17:57:48.499" level="INFO">Current location contains 'games'.</msg>
<status status="PASS" starttime="20210403 17:57:48.496" endtime="20210403 17:57:48.499"/>
</kw>
<status status="PASS" starttime="20210403 17:57:48.496" endtime="20210403 17:57:48.499"/>
</kw>
<status status="PASS" starttime="20210403 17:57:47.526" endtime="20210403 17:57:48.499"/>
</kw>
<status status="PASS" starttime="20210403 17:57:47.525" endtime="20210403 17:57:48.500"/>
</test>
<kw name="Finish Session" library="hooks" type="TEARDOWN">
<kw name="Capture Page Screenshot" library="SeleniumLibrary">
<doc>Takes a screenshot of the current page and embeds it into a log file.</doc>
<msg timestamp="20210403 17:57:48.813" level="INFO" html="true">&lt;/td&gt;&lt;/tr&gt;&lt;tr&gt;&lt;td colspan="3"&gt;&lt;a href="selenium-screenshot-35.png"&gt;&lt;img src="selenium-screenshot-35.png" width="800px"&gt;&lt;/a&gt;</msg>
<status status="PASS" starttime="20210403 17:57:48.502" endtime="20210403 17:57:48.813"/>
</kw>
<kw name="Close Browser" library="SeleniumLibrary">
<doc>Closes the current browser.</doc>
<status status="PASS" starttime="20210403 17:57:48.813" endtime="20210403 17:57:50.948"/>
</kw>
<status status="PASS" starttime="20210403 17:57:48.502" endtime="20210403 17:57:50.948"/>
</kw>
<doc>Fun tests</doc>
<status status="PASS" starttime="20210403 17:56:13.136" endtime="20210403 17:57:50.948"/>
</suite>
<status status="PASS" starttime="20210403 17:56:13.117" endtime="20210403 17:57:50.952"/>
</suite>
<statistics>
<total>
<stat pass="21" fail="0" skip="0">All Tests</stat>
</total>
<tag>
<stat pass="1" fail="0" skip="0">smoke</stat>
</tag>
<suite>
<stat pass="21" fail="0" skip="0" id="s1" name="Tests">Tests</stat>
<stat pass="21" fail="0" skip="0" id="s1-s1" name="Home Test">Tests.Home Test</stat>
</suite>
</statistics>
<errors>
</errors>
</robot>
