<?xml version="1.0" encoding="UTF-8"?>
<robot generator="Robot 4.0 (Python 3.9.1 on win32)" generated="20210527 19:52:35.420" rpa="false" schemaversion="2">
<suite id="s1" name="Login" source="C:\RobotFramework\robotForFun\Tests\login.robot">
<kw name="Start Session" library="hooks" type="SETUP">
<kw name="Open Browser" library="SeleniumLibrary">
<arg>about:blank</arg>
<arg>${BROWSER}</arg>
<doc>Opens a new browser instance to the optional ``url``.</doc>
<msg timestamp="20210527 19:52:35.644" level="INFO">Opening browser 'Firefox' to base url 'about:blank'.</msg>
<msg timestamp="20210527 19:52:35.671" level="INFO">Firefox driver log is always forced to to: C:\RobotFramework\robotForFun\Logs\geckodriver-1.log</msg>
<status status="PASS" starttime="20210527 19:52:35.644" endtime="20210527 19:52:54.372"/>
</kw>
<kw name="Set Window Size" library="SeleniumLibrary">
<arg>1440</arg>
<arg>900</arg>
<doc>Sets current windows size to given ``width`` and ``height``.</doc>
<status status="PASS" starttime="20210527 19:52:54.372" endtime="20210527 19:52:54.387"/>
</kw>
<kw name="Set Selenium Implicit Wait" library="SeleniumLibrary">
<arg>${TIMEOUT}</arg>
<doc>Sets the implicit wait value used by Selenium.</doc>
<status status="PASS" starttime="20210527 19:52:54.387" endtime="20210527 19:52:54.390"/>
</kw>
<kw name="Set Selenium Timeout" library="SeleniumLibrary">
<arg>${TIMEOUT}</arg>
<doc>Sets the timeout that is used by various keywords.</doc>
<status status="PASS" starttime="20210527 19:52:54.390" endtime="20210527 19:52:54.392"/>
</kw>
<status status="PASS" starttime="20210527 19:52:35.644" endtime="20210527 19:52:54.392"/>
</kw>
<test id="s1-t1" name="Login with valid information">
<kw name="login with" library="login_page">
<arg>stark</arg>
<arg>jarvis!</arg>
<arg>Olá, Tony Stark. Você acessou a área logada!</arg>
<kw name="Given that I open the &quot;Login&quot; Page" library="login_page" sourcename="Given that I open the &quot;${link}&quot; Page">
<kw name="Given that I open the &quot;Training Wheels Protocol&quot;" library="home_page" sourcename="Given that I open the &quot;${text}&quot;">
<kw name="Go To" library="SeleniumLibrary">
<arg>${BASE_URL}</arg>
<doc>Navigates the current browser window to the provided ``url``.</doc>
<msg timestamp="20210527 19:52:54.394" level="INFO">Opening url 'https://training-wheels-protocol.herokuapp.com'</msg>
<status status="PASS" starttime="20210527 19:52:54.394" endtime="20210527 19:53:05.658"/>
</kw>
<kw name="Title Should Be" library="SeleniumLibrary">
<arg>${text}</arg>
<doc>Verifies that the current page title equals ``title``.</doc>
<msg timestamp="20210527 19:53:05.660" level="INFO">Page title is 'Training Wheels Protocol'.</msg>
<status status="PASS" starttime="20210527 19:53:05.658" endtime="20210527 19:53:05.661"/>
</kw>
<status status="PASS" starttime="20210527 19:52:54.393" endtime="20210527 19:53:05.661"/>
</kw>
<kw name="When I open &quot;${link}&quot;" library="home_page" sourcename="When I open &quot;${LINK}&quot;">
<kw name="Click Element" library="SeleniumLibrary">
<arg>xpath://a[contains(text(),"${LINK}")]</arg>
<doc>Click the element identified by ``locator``.</doc>
<msg timestamp="20210527 19:53:05.662" level="INFO">Clicking element 'xpath://a[contains(text(),"Login")]'.</msg>
<status status="PASS" starttime="20210527 19:53:05.661" endtime="20210527 19:53:06.695"/>
</kw>
<status status="PASS" starttime="20210527 19:53:05.661" endtime="20210527 19:53:06.695"/>
</kw>
<status status="PASS" starttime="20210527 19:52:54.393" endtime="20210527 19:53:06.695"/>
</kw>
<kw name="And I have &quot;${LOGIN}&quot; and &quot;${PASS}&quot;" library="login_page" sourcename="And I have &quot;${email}&quot; and &quot;${password}&quot;">
<kw name="Set Test Variable" library="BuiltIn">
<arg>${email}</arg>
<doc>Makes a variable available everywhere within the scope of the current test.</doc>
<msg timestamp="20210527 19:53:06.697" level="INFO">${email} = stark</msg>
<status status="PASS" starttime="20210527 19:53:06.696" endtime="20210527 19:53:06.697"/>
</kw>
<kw name="Set Test Variable" library="BuiltIn">
<arg>${password}</arg>
<doc>Makes a variable available everywhere within the scope of the current test.</doc>
<msg timestamp="20210527 19:53:06.697" level="INFO">${password} = jarvis!</msg>
<status status="PASS" starttime="20210527 19:53:06.697" endtime="20210527 19:53:06.697"/>
</kw>
<status status="PASS" starttime="20210527 19:53:06.696" endtime="20210527 19:53:06.697"/>
</kw>
<kw name="When I submit that information" library="login_page">
<kw name="Input Text" library="SeleniumLibrary">
<arg>${txtLogin}</arg>
<arg>${email}</arg>
<doc>Types the given ``text`` into the text field identified by ``locator``.</doc>
<msg timestamp="20210527 19:53:06.698" level="INFO">Typing text 'stark' into text field 'name:username'.</msg>
<status status="PASS" starttime="20210527 19:53:06.697" endtime="20210527 19:53:06.784"/>
</kw>
<kw name="Input Text" library="SeleniumLibrary">
<arg>${txtPassword}</arg>
<arg>${password}</arg>
<doc>Types the given ``text`` into the text field identified by ``locator``.</doc>
<msg timestamp="20210527 19:53:06.785" level="INFO">Typing text 'jarvis!' into text field 'name:password'.</msg>
<status status="PASS" starttime="20210527 19:53:06.785" endtime="20210527 19:53:06.812"/>
</kw>
<kw name="Click Element" library="SeleniumLibrary">
<arg>${btnLogin}</arg>
<doc>Click the element identified by ``locator``.</doc>
<msg timestamp="20210527 19:53:06.813" level="INFO">Clicking element 'css:.btn-login'.</msg>
<status status="PASS" starttime="20210527 19:53:06.812" endtime="20210527 19:53:07.488"/>
</kw>
<status status="PASS" starttime="20210527 19:53:06.697" endtime="20210527 19:53:07.489"/>
</kw>
<kw name="Then I must see the message &quot;${message}&quot;" library="login_page" sourcename="Then I must see the message &quot;${message}&quot;">
<kw name="Wait Until Element Is Visible" library="SeleniumLibrary">
<arg>${successAlert}</arg>
<doc>Waits until the element ``locator`` is visible.</doc>
<status status="PASS" starttime="20210527 19:53:07.490" endtime="20210527 19:53:07.511"/>
</kw>
<kw name="Element Should Contain" library="SeleniumLibrary">
<arg>${successAlert}</arg>
<arg>${message}</arg>
<doc>Verifies that element ``locator`` contains text ``expected``.</doc>
<msg timestamp="20210527 19:53:07.569" level="INFO">Element 'css:.flash.success,.flash.error' contains text 'Olá, Tony Stark. Você acessou a área logada!'.</msg>
<status status="PASS" starttime="20210527 19:53:07.511" endtime="20210527 19:53:07.569"/>
</kw>
<status status="PASS" starttime="20210527 19:53:07.489" endtime="20210527 19:53:07.570"/>
</kw>
<status status="PASS" starttime="20210527 19:52:54.393" endtime="20210527 19:53:07.570"/>
</kw>
<tag>smoke</tag>
<status status="PASS" starttime="20210527 19:52:54.392" endtime="20210527 19:53:07.571"/>
</test>
<test id="s1-t2" name="Login with invalid info">
<kw name="login with" library="login_page">
<arg>wrong</arg>
<arg>jarvis!</arg>
<arg>O usuário informado não está cadastrado!</arg>
<kw name="Given that I open the &quot;Login&quot; Page" library="login_page" sourcename="Given that I open the &quot;${link}&quot; Page">
<kw name="Given that I open the &quot;Training Wheels Protocol&quot;" library="home_page" sourcename="Given that I open the &quot;${text}&quot;">
<kw name="Go To" library="SeleniumLibrary">
<arg>${BASE_URL}</arg>
<doc>Navigates the current browser window to the provided ``url``.</doc>
<msg timestamp="20210527 19:53:07.574" level="INFO">Opening url 'https://training-wheels-protocol.herokuapp.com'</msg>
<status status="PASS" starttime="20210527 19:53:07.574" endtime="20210527 19:53:07.890"/>
</kw>
<kw name="Title Should Be" library="SeleniumLibrary">
<arg>${text}</arg>
<doc>Verifies that the current page title equals ``title``.</doc>
<msg timestamp="20210527 19:53:07.894" level="INFO">Page title is 'Training Wheels Protocol'.</msg>
<status status="PASS" starttime="20210527 19:53:07.891" endtime="20210527 19:53:07.894"/>
</kw>
<status status="PASS" starttime="20210527 19:53:07.574" endtime="20210527 19:53:07.894"/>
</kw>
<kw name="When I open &quot;${link}&quot;" library="home_page" sourcename="When I open &quot;${LINK}&quot;">
<kw name="Click Element" library="SeleniumLibrary">
<arg>xpath://a[contains(text(),"${LINK}")]</arg>
<doc>Click the element identified by ``locator``.</doc>
<msg timestamp="20210527 19:53:07.896" level="INFO">Clicking element 'xpath://a[contains(text(),"Login")]'.</msg>
<status status="PASS" starttime="20210527 19:53:07.895" endtime="20210527 19:53:08.224"/>
</kw>
<status status="PASS" starttime="20210527 19:53:07.895" endtime="20210527 19:53:08.224"/>
</kw>
<status status="PASS" starttime="20210527 19:53:07.574" endtime="20210527 19:53:08.224"/>
</kw>
<kw name="And I have &quot;${LOGIN}&quot; and &quot;${PASS}&quot;" library="login_page" sourcename="And I have &quot;${email}&quot; and &quot;${password}&quot;">
<kw name="Set Test Variable" library="BuiltIn">
<arg>${email}</arg>
<doc>Makes a variable available everywhere within the scope of the current test.</doc>
<msg timestamp="20210527 19:53:08.225" level="INFO">${email} = wrong</msg>
<status status="PASS" starttime="20210527 19:53:08.225" endtime="20210527 19:53:08.225"/>
</kw>
<kw name="Set Test Variable" library="BuiltIn">
<arg>${password}</arg>
<doc>Makes a variable available everywhere within the scope of the current test.</doc>
<msg timestamp="20210527 19:53:08.226" level="INFO">${password} = jarvis!</msg>
<status status="PASS" starttime="20210527 19:53:08.225" endtime="20210527 19:53:08.226"/>
</kw>
<status status="PASS" starttime="20210527 19:53:08.225" endtime="20210527 19:53:08.226"/>
</kw>
<kw name="When I submit that information" library="login_page">
<kw name="Input Text" library="SeleniumLibrary">
<arg>${txtLogin}</arg>
<arg>${email}</arg>
<doc>Types the given ``text`` into the text field identified by ``locator``.</doc>
<msg timestamp="20210527 19:53:08.227" level="INFO">Typing text 'wrong' into text field 'name:username'.</msg>
<status status="PASS" starttime="20210527 19:53:08.226" endtime="20210527 19:53:08.250"/>
</kw>
<kw name="Input Text" library="SeleniumLibrary">
<arg>${txtPassword}</arg>
<arg>${password}</arg>
<doc>Types the given ``text`` into the text field identified by ``locator``.</doc>
<msg timestamp="20210527 19:53:08.251" level="INFO">Typing text 'jarvis!' into text field 'name:password'.</msg>
<status status="PASS" starttime="20210527 19:53:08.251" endtime="20210527 19:53:08.283"/>
</kw>
<kw name="Click Element" library="SeleniumLibrary">
<arg>${btnLogin}</arg>
<doc>Click the element identified by ``locator``.</doc>
<msg timestamp="20210527 19:53:08.283" level="INFO">Clicking element 'css:.btn-login'.</msg>
<status status="PASS" starttime="20210527 19:53:08.283" endtime="20210527 19:53:08.907"/>
</kw>
<status status="PASS" starttime="20210527 19:53:08.226" endtime="20210527 19:53:08.908"/>
</kw>
<kw name="Then I must see the message &quot;${message}&quot;" library="login_page" sourcename="Then I must see the message &quot;${message}&quot;">
<kw name="Wait Until Element Is Visible" library="SeleniumLibrary">
<arg>${successAlert}</arg>
<doc>Waits until the element ``locator`` is visible.</doc>
<status status="PASS" starttime="20210527 19:53:08.909" endtime="20210527 19:53:08.942"/>
</kw>
<kw name="Element Should Contain" library="SeleniumLibrary">
<arg>${successAlert}</arg>
<arg>${message}</arg>
<doc>Verifies that element ``locator`` contains text ``expected``.</doc>
<msg timestamp="20210527 19:53:08.956" level="INFO">Element 'css:.flash.success,.flash.error' contains text 'O usuário informado não está cadastrado!'.</msg>
<status status="PASS" starttime="20210527 19:53:08.942" endtime="20210527 19:53:08.956"/>
</kw>
<status status="PASS" starttime="20210527 19:53:08.908" endtime="20210527 19:53:08.956"/>
</kw>
<status status="PASS" starttime="20210527 19:53:07.573" endtime="20210527 19:53:08.956"/>
</kw>
<tag>invalid</tag>
<status status="PASS" starttime="20210527 19:53:07.572" endtime="20210527 19:53:08.957"/>
</test>
<test id="s1-t3" name="Empty login">
<kw name="login with" library="login_page">
<arg>${EMPTY}</arg>
<arg>jarvis!</arg>
<arg>O usuário informado não está cadastrado!</arg>
<kw name="Given that I open the &quot;Login&quot; Page" library="login_page" sourcename="Given that I open the &quot;${link}&quot; Page">
<kw name="Given that I open the &quot;Training Wheels Protocol&quot;" library="home_page" sourcename="Given that I open the &quot;${text}&quot;">
<kw name="Go To" library="SeleniumLibrary">
<arg>${BASE_URL}</arg>
<doc>Navigates the current browser window to the provided ``url``.</doc>
<msg timestamp="20210527 19:53:08.961" level="INFO">Opening url 'https://training-wheels-protocol.herokuapp.com'</msg>
<status status="PASS" starttime="20210527 19:53:08.961" endtime="20210527 19:53:09.307"/>
</kw>
<kw name="Title Should Be" library="SeleniumLibrary">
<arg>${text}</arg>
<doc>Verifies that the current page title equals ``title``.</doc>
<msg timestamp="20210527 19:53:09.310" level="INFO">Page title is 'Training Wheels Protocol'.</msg>
<status status="PASS" starttime="20210527 19:53:09.307" endtime="20210527 19:53:09.310"/>
</kw>
<status status="PASS" starttime="20210527 19:53:08.960" endtime="20210527 19:53:09.311"/>
</kw>
<kw name="When I open &quot;${link}&quot;" library="home_page" sourcename="When I open &quot;${LINK}&quot;">
<kw name="Click Element" library="SeleniumLibrary">
<arg>xpath://a[contains(text(),"${LINK}")]</arg>
<doc>Click the element identified by ``locator``.</doc>
<msg timestamp="20210527 19:53:09.312" level="INFO">Clicking element 'xpath://a[contains(text(),"Login")]'.</msg>
<status status="PASS" starttime="20210527 19:53:09.312" endtime="20210527 19:53:09.721"/>
</kw>
<status status="PASS" starttime="20210527 19:53:09.311" endtime="20210527 19:53:09.722"/>
</kw>
<status status="PASS" starttime="20210527 19:53:08.960" endtime="20210527 19:53:09.722"/>
</kw>
<kw name="And I have &quot;${LOGIN}&quot; and &quot;${PASS}&quot;" library="login_page" sourcename="And I have &quot;${email}&quot; and &quot;${password}&quot;">
<kw name="Set Test Variable" library="BuiltIn">
<arg>${email}</arg>
<doc>Makes a variable available everywhere within the scope of the current test.</doc>
<msg timestamp="20210527 19:53:09.724" level="INFO">${email} = </msg>
<status status="PASS" starttime="20210527 19:53:09.723" endtime="20210527 19:53:09.724"/>
</kw>
<kw name="Set Test Variable" library="BuiltIn">
<arg>${password}</arg>
<doc>Makes a variable available everywhere within the scope of the current test.</doc>
<msg timestamp="20210527 19:53:09.724" level="INFO">${password} = jarvis!</msg>
<status status="PASS" starttime="20210527 19:53:09.724" endtime="20210527 19:53:09.725"/>
</kw>
<status status="PASS" starttime="20210527 19:53:09.722" endtime="20210527 19:53:09.725"/>
</kw>
<kw name="When I submit that information" library="login_page">
<kw name="Input Text" library="SeleniumLibrary">
<arg>${txtLogin}</arg>
<arg>${email}</arg>
<doc>Types the given ``text`` into the text field identified by ``locator``.</doc>
<msg timestamp="20210527 19:53:09.726" level="INFO">Typing text '' into text field 'name:username'.</msg>
<status status="PASS" starttime="20210527 19:53:09.726" endtime="20210527 19:53:09.744"/>
</kw>
<kw name="Input Text" library="SeleniumLibrary">
<arg>${txtPassword}</arg>
<arg>${password}</arg>
<doc>Types the given ``text`` into the text field identified by ``locator``.</doc>
<msg timestamp="20210527 19:53:09.745" level="INFO">Typing text 'jarvis!' into text field 'name:password'.</msg>
<status status="PASS" starttime="20210527 19:53:09.744" endtime="20210527 19:53:09.777"/>
</kw>
<kw name="Click Element" library="SeleniumLibrary">
<arg>${btnLogin}</arg>
<doc>Click the element identified by ``locator``.</doc>
<msg timestamp="20210527 19:53:09.778" level="INFO">Clicking element 'css:.btn-login'.</msg>
<status status="PASS" starttime="20210527 19:53:09.778" endtime="20210527 19:53:10.389"/>
</kw>
<status status="PASS" starttime="20210527 19:53:09.725" endtime="20210527 19:53:10.390"/>
</kw>
<kw name="Then I must see the message &quot;${message}&quot;" library="login_page" sourcename="Then I must see the message &quot;${message}&quot;">
<kw name="Wait Until Element Is Visible" library="SeleniumLibrary">
<arg>${successAlert}</arg>
<doc>Waits until the element ``locator`` is visible.</doc>
<status status="PASS" starttime="20210527 19:53:10.390" endtime="20210527 19:53:10.418"/>
</kw>
<kw name="Element Should Contain" library="SeleniumLibrary">
<arg>${successAlert}</arg>
<arg>${message}</arg>
<doc>Verifies that element ``locator`` contains text ``expected``.</doc>
<msg timestamp="20210527 19:53:10.435" level="INFO">Element 'css:.flash.success,.flash.error' contains text 'O usuário informado não está cadastrado!'.</msg>
<status status="PASS" starttime="20210527 19:53:10.418" endtime="20210527 19:53:10.435"/>
</kw>
<status status="PASS" starttime="20210527 19:53:10.390" endtime="20210527 19:53:10.435"/>
</kw>
<status status="PASS" starttime="20210527 19:53:08.959" endtime="20210527 19:53:10.435"/>
</kw>
<tag>invalid</tag>
<status status="PASS" starttime="20210527 19:53:08.959" endtime="20210527 19:53:10.436"/>
</test>
<test id="s1-t4" name="Empty email">
<kw name="login with" library="login_page">
<arg>stark</arg>
<arg>${EMPTY}</arg>
<arg>Senha é invalida!</arg>
<kw name="Given that I open the &quot;Login&quot; Page" library="login_page" sourcename="Given that I open the &quot;${link}&quot; Page">
<kw name="Given that I open the &quot;Training Wheels Protocol&quot;" library="home_page" sourcename="Given that I open the &quot;${text}&quot;">
<kw name="Go To" library="SeleniumLibrary">
<arg>${BASE_URL}</arg>
<doc>Navigates the current browser window to the provided ``url``.</doc>
<msg timestamp="20210527 19:53:10.442" level="INFO">Opening url 'https://training-wheels-protocol.herokuapp.com'</msg>
<status status="PASS" starttime="20210527 19:53:10.442" endtime="20210527 19:53:10.790"/>
</kw>
<kw name="Title Should Be" library="SeleniumLibrary">
<arg>${text}</arg>
<doc>Verifies that the current page title equals ``title``.</doc>
<msg timestamp="20210527 19:53:10.793" level="INFO">Page title is 'Training Wheels Protocol'.</msg>
<status status="PASS" starttime="20210527 19:53:10.790" endtime="20210527 19:53:10.794"/>
</kw>
<status status="PASS" starttime="20210527 19:53:10.442" endtime="20210527 19:53:10.794"/>
</kw>
<kw name="When I open &quot;${link}&quot;" library="home_page" sourcename="When I open &quot;${LINK}&quot;">
<kw name="Click Element" library="SeleniumLibrary">
<arg>xpath://a[contains(text(),"${LINK}")]</arg>
<doc>Click the element identified by ``locator``.</doc>
<msg timestamp="20210527 19:53:10.796" level="INFO">Clicking element 'xpath://a[contains(text(),"Login")]'.</msg>
<status status="PASS" starttime="20210527 19:53:10.795" endtime="20210527 19:53:11.170"/>
</kw>
<status status="PASS" starttime="20210527 19:53:10.794" endtime="20210527 19:53:11.170"/>
</kw>
<status status="PASS" starttime="20210527 19:53:10.441" endtime="20210527 19:53:11.170"/>
</kw>
<kw name="And I have &quot;${LOGIN}&quot; and &quot;${PASS}&quot;" library="login_page" sourcename="And I have &quot;${email}&quot; and &quot;${password}&quot;">
<kw name="Set Test Variable" library="BuiltIn">
<arg>${email}</arg>
<doc>Makes a variable available everywhere within the scope of the current test.</doc>
<msg timestamp="20210527 19:53:11.172" level="INFO">${email} = stark</msg>
<status status="PASS" starttime="20210527 19:53:11.171" endtime="20210527 19:53:11.172"/>
</kw>
<kw name="Set Test Variable" library="BuiltIn">
<arg>${password}</arg>
<doc>Makes a variable available everywhere within the scope of the current test.</doc>
<msg timestamp="20210527 19:53:11.173" level="INFO">${password} = </msg>
<status status="PASS" starttime="20210527 19:53:11.172" endtime="20210527 19:53:11.173"/>
</kw>
<status status="PASS" starttime="20210527 19:53:11.170" endtime="20210527 19:53:11.173"/>
</kw>
<kw name="When I submit that information" library="login_page">
<kw name="Input Text" library="SeleniumLibrary">
<arg>${txtLogin}</arg>
<arg>${email}</arg>
<doc>Types the given ``text`` into the text field identified by ``locator``.</doc>
<msg timestamp="20210527 19:53:11.174" level="INFO">Typing text 'stark' into text field 'name:username'.</msg>
<status status="PASS" starttime="20210527 19:53:11.174" endtime="20210527 19:53:11.212"/>
</kw>
<kw name="Input Text" library="SeleniumLibrary">
<arg>${txtPassword}</arg>
<arg>${password}</arg>
<doc>Types the given ``text`` into the text field identified by ``locator``.</doc>
<msg timestamp="20210527 19:53:11.213" level="INFO">Typing text '' into text field 'name:password'.</msg>
<status status="PASS" starttime="20210527 19:53:11.213" endtime="20210527 19:53:11.237"/>
</kw>
<kw name="Click Element" library="SeleniumLibrary">
<arg>${btnLogin}</arg>
<doc>Click the element identified by ``locator``.</doc>
<msg timestamp="20210527 19:53:11.238" level="INFO">Clicking element 'css:.btn-login'.</msg>
<status status="PASS" starttime="20210527 19:53:11.237" endtime="20210527 19:53:11.826"/>
</kw>
<status status="PASS" starttime="20210527 19:53:11.173" endtime="20210527 19:53:11.826"/>
</kw>
<kw name="Then I must see the message &quot;${message}&quot;" library="login_page" sourcename="Then I must see the message &quot;${message}&quot;">
<kw name="Wait Until Element Is Visible" library="SeleniumLibrary">
<arg>${successAlert}</arg>
<doc>Waits until the element ``locator`` is visible.</doc>
<status status="PASS" starttime="20210527 19:53:11.827" endtime="20210527 19:53:11.851"/>
</kw>
<kw name="Element Should Contain" library="SeleniumLibrary">
<arg>${successAlert}</arg>
<arg>${message}</arg>
<doc>Verifies that element ``locator`` contains text ``expected``.</doc>
<msg timestamp="20210527 19:53:11.867" level="INFO">Element 'css:.flash.success,.flash.error' contains text 'Senha é invalida!'.</msg>
<status status="PASS" starttime="20210527 19:53:11.852" endtime="20210527 19:53:11.867"/>
</kw>
<status status="PASS" starttime="20210527 19:53:11.826" endtime="20210527 19:53:11.867"/>
</kw>
<status status="PASS" starttime="20210527 19:53:10.440" endtime="20210527 19:53:11.867"/>
</kw>
<tag>invalid</tag>
<status status="PASS" starttime="20210527 19:53:10.439" endtime="20210527 19:53:11.868"/>
</test>
<test id="s1-t5" name="Empty fields">
<kw name="login with" library="login_page">
<arg>${EMPTY}</arg>
<arg>${EMPTY}</arg>
<arg>O usuário informado não está cadastrado!</arg>
<kw name="Given that I open the &quot;Login&quot; Page" library="login_page" sourcename="Given that I open the &quot;${link}&quot; Page">
<kw name="Given that I open the &quot;Training Wheels Protocol&quot;" library="home_page" sourcename="Given that I open the &quot;${text}&quot;">
<kw name="Go To" library="SeleniumLibrary">
<arg>${BASE_URL}</arg>
<doc>Navigates the current browser window to the provided ``url``.</doc>
<msg timestamp="20210527 19:53:11.873" level="INFO">Opening url 'https://training-wheels-protocol.herokuapp.com'</msg>
<status status="PASS" starttime="20210527 19:53:11.872" endtime="20210527 19:53:12.191"/>
</kw>
<kw name="Title Should Be" library="SeleniumLibrary">
<arg>${text}</arg>
<doc>Verifies that the current page title equals ``title``.</doc>
<msg timestamp="20210527 19:53:12.194" level="INFO">Page title is 'Training Wheels Protocol'.</msg>
<status status="PASS" starttime="20210527 19:53:12.191" endtime="20210527 19:53:12.194"/>
</kw>
<status status="PASS" starttime="20210527 19:53:11.872" endtime="20210527 19:53:12.194"/>
</kw>
<kw name="When I open &quot;${link}&quot;" library="home_page" sourcename="When I open &quot;${LINK}&quot;">
<kw name="Click Element" library="SeleniumLibrary">
<arg>xpath://a[contains(text(),"${LINK}")]</arg>
<doc>Click the element identified by ``locator``.</doc>
<msg timestamp="20210527 19:53:12.195" level="INFO">Clicking element 'xpath://a[contains(text(),"Login")]'.</msg>
<status status="PASS" starttime="20210527 19:53:12.194" endtime="20210527 19:53:12.525"/>
</kw>
<status status="PASS" starttime="20210527 19:53:12.194" endtime="20210527 19:53:12.525"/>
</kw>
<status status="PASS" starttime="20210527 19:53:11.872" endtime="20210527 19:53:12.525"/>
</kw>
<kw name="And I have &quot;${LOGIN}&quot; and &quot;${PASS}&quot;" library="login_page" sourcename="And I have &quot;${email}&quot; and &quot;${password}&quot;">
<kw name="Set Test Variable" library="BuiltIn">
<arg>${email}</arg>
<doc>Makes a variable available everywhere within the scope of the current test.</doc>
<msg timestamp="20210527 19:53:12.526" level="INFO">${email} = </msg>
<status status="PASS" starttime="20210527 19:53:12.526" endtime="20210527 19:53:12.526"/>
</kw>
<kw name="Set Test Variable" library="BuiltIn">
<arg>${password}</arg>
<doc>Makes a variable available everywhere within the scope of the current test.</doc>
<msg timestamp="20210527 19:53:12.527" level="INFO">${password} = </msg>
<status status="PASS" starttime="20210527 19:53:12.526" endtime="20210527 19:53:12.527"/>
</kw>
<status status="PASS" starttime="20210527 19:53:12.526" endtime="20210527 19:53:12.527"/>
</kw>
<kw name="When I submit that information" library="login_page">
<kw name="Input Text" library="SeleniumLibrary">
<arg>${txtLogin}</arg>
<arg>${email}</arg>
<doc>Types the given ``text`` into the text field identified by ``locator``.</doc>
<msg timestamp="20210527 19:53:12.528" level="INFO">Typing text '' into text field 'name:username'.</msg>
<status status="PASS" starttime="20210527 19:53:12.527" endtime="20210527 19:53:12.546"/>
</kw>
<kw name="Input Text" library="SeleniumLibrary">
<arg>${txtPassword}</arg>
<arg>${password}</arg>
<doc>Types the given ``text`` into the text field identified by ``locator``.</doc>
<msg timestamp="20210527 19:53:12.546" level="INFO">Typing text '' into text field 'name:password'.</msg>
<status status="PASS" starttime="20210527 19:53:12.546" endtime="20210527 19:53:12.571"/>
</kw>
<kw name="Click Element" library="SeleniumLibrary">
<arg>${btnLogin}</arg>
<doc>Click the element identified by ``locator``.</doc>
<msg timestamp="20210527 19:53:12.572" level="INFO">Clicking element 'css:.btn-login'.</msg>
<status status="PASS" starttime="20210527 19:53:12.572" endtime="20210527 19:53:13.141"/>
</kw>
<status status="PASS" starttime="20210527 19:53:12.527" endtime="20210527 19:53:13.141"/>
</kw>
<kw name="Then I must see the message &quot;${message}&quot;" library="login_page" sourcename="Then I must see the message &quot;${message}&quot;">
<kw name="Wait Until Element Is Visible" library="SeleniumLibrary">
<arg>${successAlert}</arg>
<doc>Waits until the element ``locator`` is visible.</doc>
<status status="PASS" starttime="20210527 19:53:13.142" endtime="20210527 19:53:13.164"/>
</kw>
<kw name="Element Should Contain" library="SeleniumLibrary">
<arg>${successAlert}</arg>
<arg>${message}</arg>
<doc>Verifies that element ``locator`` contains text ``expected``.</doc>
<msg timestamp="20210527 19:53:13.178" level="INFO">Element 'css:.flash.success,.flash.error' contains text 'O usuário informado não está cadastrado!'.</msg>
<status status="PASS" starttime="20210527 19:53:13.164" endtime="20210527 19:53:13.178"/>
</kw>
<status status="PASS" starttime="20210527 19:53:13.141" endtime="20210527 19:53:13.178"/>
</kw>
<status status="PASS" starttime="20210527 19:53:11.871" endtime="20210527 19:53:13.178"/>
</kw>
<tag>invalid</tag>
<status status="PASS" starttime="20210527 19:53:11.870" endtime="20210527 19:53:13.179"/>
</test>
<kw name="Finish Session" library="hooks" type="TEARDOWN">
<kw name="Capture Page Screenshot" library="SeleniumLibrary">
<doc>Takes a screenshot of the current page and embeds it into a log file.</doc>
<msg timestamp="20210527 19:53:13.316" level="INFO" html="true">&lt;/td&gt;&lt;/tr&gt;&lt;tr&gt;&lt;td colspan="3"&gt;&lt;a href="selenium-screenshot-64.png"&gt;&lt;img src="selenium-screenshot-64.png" width="800px"&gt;&lt;/a&gt;</msg>
<status status="PASS" starttime="20210527 19:53:13.181" endtime="20210527 19:53:13.316"/>
</kw>
<kw name="Close Browser" library="SeleniumLibrary">
<doc>Closes the current browser.</doc>
<status status="PASS" starttime="20210527 19:53:13.317" endtime="20210527 19:53:14.131"/>
</kw>
<status status="PASS" starttime="20210527 19:53:13.181" endtime="20210527 19:53:14.131"/>
</kw>
<doc>As a customer, I want to be able to login the page using valid information. Also I want to check all validations with wrong info</doc>
<status status="PASS" starttime="20210527 19:52:35.421" endtime="20210527 19:53:14.131"/>
</suite>
<statistics>
<total>
<stat pass="5" fail="0" skip="0">All Tests</stat>
</total>
<tag>
<stat pass="4" fail="0" skip="0">invalid</stat>
<stat pass="1" fail="0" skip="0">smoke</stat>
</tag>
<suite>
<stat pass="5" fail="0" skip="0" id="s1" name="Login">Login</stat>
</suite>
</statistics>
<errors>
</errors>
</robot>
