<?xml version="1.0" encoding="UTF-8"?>
<robot generator="Robot 4.0 (Python 3.9.1 on win32)" generated="20210405 00:21:04.336" rpa="false" schemaversion="2">
<suite id="s1" name="Login" source="C:\RobotFramework\robotForFun\Tests\login.robot">
<kw name="Start Session" library="hooks" type="SETUP">
<kw name="Open Browser" library="SeleniumLibrary">
<arg>about:blank</arg>
<arg>${BROWSER}</arg>
<doc>Opens a new browser instance to the optional ``url``.</doc>
<msg timestamp="20210405 00:21:04.508" level="INFO">Opening browser 'chrome' to base url 'about:blank'.</msg>
<status status="PASS" starttime="20210405 00:21:04.508" endtime="20210405 00:21:05.662"/>
</kw>
<kw name="Set Window Size" library="SeleniumLibrary">
<arg>1440</arg>
<arg>900</arg>
<doc>Sets current windows size to given ``width`` and ``height``.</doc>
<status status="PASS" starttime="20210405 00:21:05.662" endtime="20210405 00:21:05.771"/>
</kw>
<kw name="Set Selenium Implicit Wait" library="SeleniumLibrary">
<arg>${TIMEOUT}</arg>
<doc>Sets the implicit wait value used by Selenium.</doc>
<status status="PASS" starttime="20210405 00:21:05.771" endtime="20210405 00:21:05.772"/>
</kw>
<kw name="Set Selenium Timeout" library="SeleniumLibrary">
<arg>${TIMEOUT}</arg>
<doc>Sets the timeout that is used by various keywords.</doc>
<status status="PASS" starttime="20210405 00:21:05.772" endtime="20210405 00:21:05.772"/>
</kw>
<status status="PASS" starttime="20210405 00:21:04.508" endtime="20210405 00:21:05.772"/>
</kw>
<test id="s1-t1" name="Login with valid information">
<kw name="login with" library="login_page">
<arg>stark</arg>
<arg>jarvis!</arg>
<arg>Olá, Tony Stark. Você acessou a área logada!</arg>
<kw name="Given that I open the &quot;Login&quot; Page" library="login_page" sourcename="Given that I open the &quot;${link}&quot; Page">
<kw name="Given that I open the &quot;Training Wheels Protocol&quot;" library="home_page" sourcename="Given that I open the &quot;${text}&quot;">
<kw name="Go To" library="SeleniumLibrary">
<arg>${BASE_URL}</arg>
<doc>Navigates the current browser window to the provided ``url``.</doc>
<msg timestamp="20210405 00:21:05.774" level="INFO">Opening url 'https://training-wheels-protocol.herokuapp.com'</msg>
<status status="PASS" starttime="20210405 00:21:05.774" endtime="20210405 00:21:09.816"/>
</kw>
<kw name="Title Should Be" library="SeleniumLibrary">
<arg>${text}</arg>
<doc>Verifies that the current page title equals ``title``.</doc>
<msg timestamp="20210405 00:21:09.819" level="INFO">Page title is 'Training Wheels Protocol'.</msg>
<status status="PASS" starttime="20210405 00:21:09.816" endtime="20210405 00:21:09.819"/>
</kw>
<status status="PASS" starttime="20210405 00:21:05.774" endtime="20210405 00:21:09.819"/>
</kw>
<kw name="When I open &quot;${link}&quot;" library="home_page" sourcename="When I open &quot;${LINK}&quot;">
<kw name="Click Element" library="SeleniumLibrary">
<arg>xpath://a[contains(text(),"${LINK}")]</arg>
<doc>Click the element identified by ``locator``.</doc>
<msg timestamp="20210405 00:21:09.820" level="INFO">Clicking element 'xpath://a[contains(text(),"Login")]'.</msg>
<status status="PASS" starttime="20210405 00:21:09.819" endtime="20210405 00:21:10.367"/>
</kw>
<status status="PASS" starttime="20210405 00:21:09.819" endtime="20210405 00:21:10.367"/>
</kw>
<status status="PASS" starttime="20210405 00:21:05.773" endtime="20210405 00:21:10.367"/>
</kw>
<kw name="And I have &quot;${LOGIN}&quot; and &quot;${PASS}&quot;" library="login_page" sourcename="And I have &quot;${email}&quot; and &quot;${password}&quot;">
<kw name="Set Test Variable" library="BuiltIn">
<arg>${email}</arg>
<doc>Makes a variable available everywhere within the scope of the current test.</doc>
<msg timestamp="20210405 00:21:10.368" level="INFO">${email} = stark</msg>
<status status="PASS" starttime="20210405 00:21:10.367" endtime="20210405 00:21:10.368"/>
</kw>
<kw name="Set Test Variable" library="BuiltIn">
<arg>${password}</arg>
<doc>Makes a variable available everywhere within the scope of the current test.</doc>
<msg timestamp="20210405 00:21:10.368" level="INFO">${password} = jarvis!</msg>
<status status="PASS" starttime="20210405 00:21:10.368" endtime="20210405 00:21:10.368"/>
</kw>
<status status="PASS" starttime="20210405 00:21:10.367" endtime="20210405 00:21:10.368"/>
</kw>
<kw name="When I submit that information" library="login_page">
<kw name="Input Text" library="SeleniumLibrary">
<arg>${txtLogin}</arg>
<arg>${email}</arg>
<doc>Types the given ``text`` into the text field identified by ``locator``.</doc>
<msg timestamp="20210405 00:21:10.369" level="INFO">Typing text 'stark' into text field 'name:username'.</msg>
<status status="PASS" starttime="20210405 00:21:10.368" endtime="20210405 00:21:10.430"/>
</kw>
<kw name="Input Text" library="SeleniumLibrary">
<arg>${txtPassword}</arg>
<arg>${password}</arg>
<doc>Types the given ``text`` into the text field identified by ``locator``.</doc>
<msg timestamp="20210405 00:21:10.430" level="INFO">Typing text 'jarvis!' into text field 'name:password'.</msg>
<status status="PASS" starttime="20210405 00:21:10.430" endtime="20210405 00:21:10.530"/>
</kw>
<kw name="Click Element" library="SeleniumLibrary">
<arg>${btnLogin}</arg>
<doc>Click the element identified by ``locator``.</doc>
<msg timestamp="20210405 00:21:10.530" level="INFO">Clicking element 'css:.btn-login'.</msg>
<status status="PASS" starttime="20210405 00:21:10.530" endtime="20210405 00:21:11.056"/>
</kw>
<status status="PASS" starttime="20210405 00:21:10.368" endtime="20210405 00:21:11.057"/>
</kw>
<kw name="Then I must see the message &quot;${message}&quot;" library="login_page" sourcename="Then I must see the message &quot;${message}&quot;">
<kw name="Wait Until Element Is Visible" library="SeleniumLibrary">
<arg>${successAlert}</arg>
<doc>Waits until the element ``locator`` is visible.</doc>
<status status="PASS" starttime="20210405 00:21:11.057" endtime="20210405 00:21:11.079"/>
</kw>
<kw name="Element Should Contain" library="SeleniumLibrary">
<arg>${successAlert}</arg>
<arg>${message}</arg>
<doc>Verifies that element ``locator`` contains text ``expected``.</doc>
<msg timestamp="20210405 00:21:11.098" level="INFO">Element 'css:.flash.success,.flash.error' contains text 'Olá, Tony Stark. Você acessou a área logada!'.</msg>
<status status="PASS" starttime="20210405 00:21:11.079" endtime="20210405 00:21:11.099"/>
</kw>
<status status="PASS" starttime="20210405 00:21:11.057" endtime="20210405 00:21:11.099"/>
</kw>
<status status="PASS" starttime="20210405 00:21:05.773" endtime="20210405 00:21:11.099"/>
</kw>
<tag>smoke</tag>
<status status="PASS" starttime="20210405 00:21:05.773" endtime="20210405 00:21:11.099"/>
</test>
<test id="s1-t2" name="Login with invalid info">
<kw name="login with" library="login_page">
<arg>wrong</arg>
<arg>jarvis!</arg>
<arg>O usuário informado não está cadastrado!</arg>
<kw name="Given that I open the &quot;Login&quot; Page" library="login_page" sourcename="Given that I open the &quot;${link}&quot; Page">
<kw name="Given that I open the &quot;Training Wheels Protocol&quot;" library="home_page" sourcename="Given that I open the &quot;${text}&quot;">
<kw name="Go To" library="SeleniumLibrary">
<arg>${BASE_URL}</arg>
<doc>Navigates the current browser window to the provided ``url``.</doc>
<msg timestamp="20210405 00:21:11.103" level="INFO">Opening url 'https://training-wheels-protocol.herokuapp.com'</msg>
<status status="PASS" starttime="20210405 00:21:11.102" endtime="20210405 00:21:11.394"/>
</kw>
<kw name="Title Should Be" library="SeleniumLibrary">
<arg>${text}</arg>
<doc>Verifies that the current page title equals ``title``.</doc>
<msg timestamp="20210405 00:21:11.399" level="INFO">Page title is 'Training Wheels Protocol'.</msg>
<status status="PASS" starttime="20210405 00:21:11.394" endtime="20210405 00:21:11.399"/>
</kw>
<status status="PASS" starttime="20210405 00:21:11.102" endtime="20210405 00:21:11.399"/>
</kw>
<kw name="When I open &quot;${link}&quot;" library="home_page" sourcename="When I open &quot;${LINK}&quot;">
<kw name="Click Element" library="SeleniumLibrary">
<arg>xpath://a[contains(text(),"${LINK}")]</arg>
<doc>Click the element identified by ``locator``.</doc>
<msg timestamp="20210405 00:21:11.399" level="INFO">Clicking element 'xpath://a[contains(text(),"Login")]'.</msg>
<status status="PASS" starttime="20210405 00:21:11.399" endtime="20210405 00:21:11.777"/>
</kw>
<status status="PASS" starttime="20210405 00:21:11.399" endtime="20210405 00:21:11.777"/>
</kw>
<status status="PASS" starttime="20210405 00:21:11.102" endtime="20210405 00:21:11.777"/>
</kw>
<kw name="And I have &quot;${LOGIN}&quot; and &quot;${PASS}&quot;" library="login_page" sourcename="And I have &quot;${email}&quot; and &quot;${password}&quot;">
<kw name="Set Test Variable" library="BuiltIn">
<arg>${email}</arg>
<doc>Makes a variable available everywhere within the scope of the current test.</doc>
<msg timestamp="20210405 00:21:11.778" level="INFO">${email} = wrong</msg>
<status status="PASS" starttime="20210405 00:21:11.777" endtime="20210405 00:21:11.778"/>
</kw>
<kw name="Set Test Variable" library="BuiltIn">
<arg>${password}</arg>
<doc>Makes a variable available everywhere within the scope of the current test.</doc>
<msg timestamp="20210405 00:21:11.778" level="INFO">${password} = jarvis!</msg>
<status status="PASS" starttime="20210405 00:21:11.778" endtime="20210405 00:21:11.778"/>
</kw>
<status status="PASS" starttime="20210405 00:21:11.777" endtime="20210405 00:21:11.778"/>
</kw>
<kw name="When I submit that information" library="login_page">
<kw name="Input Text" library="SeleniumLibrary">
<arg>${txtLogin}</arg>
<arg>${email}</arg>
<doc>Types the given ``text`` into the text field identified by ``locator``.</doc>
<msg timestamp="20210405 00:21:11.779" level="INFO">Typing text 'wrong' into text field 'name:username'.</msg>
<status status="PASS" starttime="20210405 00:21:11.779" endtime="20210405 00:21:11.841"/>
</kw>
<kw name="Input Text" library="SeleniumLibrary">
<arg>${txtPassword}</arg>
<arg>${password}</arg>
<doc>Types the given ``text`` into the text field identified by ``locator``.</doc>
<msg timestamp="20210405 00:21:11.841" level="INFO">Typing text 'jarvis!' into text field 'name:password'.</msg>
<status status="PASS" starttime="20210405 00:21:11.841" endtime="20210405 00:21:11.936"/>
</kw>
<kw name="Click Element" library="SeleniumLibrary">
<arg>${btnLogin}</arg>
<doc>Click the element identified by ``locator``.</doc>
<msg timestamp="20210405 00:21:11.936" level="INFO">Clicking element 'css:.btn-login'.</msg>
<status status="PASS" starttime="20210405 00:21:11.936" endtime="20210405 00:21:12.656"/>
</kw>
<status status="PASS" starttime="20210405 00:21:11.778" endtime="20210405 00:21:12.656"/>
</kw>
<kw name="Then I must see the message &quot;${message}&quot;" library="login_page" sourcename="Then I must see the message &quot;${message}&quot;">
<kw name="Wait Until Element Is Visible" library="SeleniumLibrary">
<arg>${successAlert}</arg>
<doc>Waits until the element ``locator`` is visible.</doc>
<status status="PASS" starttime="20210405 00:21:12.657" endtime="20210405 00:21:12.677"/>
</kw>
<kw name="Element Should Contain" library="SeleniumLibrary">
<arg>${successAlert}</arg>
<arg>${message}</arg>
<doc>Verifies that element ``locator`` contains text ``expected``.</doc>
<msg timestamp="20210405 00:21:12.690" level="INFO">Element 'css:.flash.success,.flash.error' contains text 'O usuário informado não está cadastrado!'.</msg>
<status status="PASS" starttime="20210405 00:21:12.677" endtime="20210405 00:21:12.691"/>
</kw>
<status status="PASS" starttime="20210405 00:21:12.656" endtime="20210405 00:21:12.691"/>
</kw>
<status status="PASS" starttime="20210405 00:21:11.102" endtime="20210405 00:21:12.691"/>
</kw>
<tag>invalid</tag>
<status status="PASS" starttime="20210405 00:21:11.101" endtime="20210405 00:21:12.691"/>
</test>
<test id="s1-t3" name="Empty login">
<kw name="login with" library="login_page">
<arg>${EMPTY}</arg>
<arg>jarvis!</arg>
<arg>O usuário informado não está cadastrado!</arg>
<kw name="Given that I open the &quot;Login&quot; Page" library="login_page" sourcename="Given that I open the &quot;${link}&quot; Page">
<kw name="Given that I open the &quot;Training Wheels Protocol&quot;" library="home_page" sourcename="Given that I open the &quot;${text}&quot;">
<kw name="Go To" library="SeleniumLibrary">
<arg>${BASE_URL}</arg>
<doc>Navigates the current browser window to the provided ``url``.</doc>
<msg timestamp="20210405 00:21:12.695" level="INFO">Opening url 'https://training-wheels-protocol.herokuapp.com'</msg>
<status status="PASS" starttime="20210405 00:21:12.694" endtime="20210405 00:21:13.116"/>
</kw>
<kw name="Title Should Be" library="SeleniumLibrary">
<arg>${text}</arg>
<doc>Verifies that the current page title equals ``title``.</doc>
<msg timestamp="20210405 00:21:13.121" level="INFO">Page title is 'Training Wheels Protocol'.</msg>
<status status="PASS" starttime="20210405 00:21:13.116" endtime="20210405 00:21:13.121"/>
</kw>
<status status="PASS" starttime="20210405 00:21:12.694" endtime="20210405 00:21:13.121"/>
</kw>
<kw name="When I open &quot;${link}&quot;" library="home_page" sourcename="When I open &quot;${LINK}&quot;">
<kw name="Click Element" library="SeleniumLibrary">
<arg>xpath://a[contains(text(),"${LINK}")]</arg>
<doc>Click the element identified by ``locator``.</doc>
<msg timestamp="20210405 00:21:13.122" level="INFO">Clicking element 'xpath://a[contains(text(),"Login")]'.</msg>
<status status="PASS" starttime="20210405 00:21:13.122" endtime="20210405 00:21:13.490"/>
</kw>
<status status="PASS" starttime="20210405 00:21:13.121" endtime="20210405 00:21:13.490"/>
</kw>
<status status="PASS" starttime="20210405 00:21:12.694" endtime="20210405 00:21:13.490"/>
</kw>
<kw name="And I have &quot;${LOGIN}&quot; and &quot;${PASS}&quot;" library="login_page" sourcename="And I have &quot;${email}&quot; and &quot;${password}&quot;">
<kw name="Set Test Variable" library="BuiltIn">
<arg>${email}</arg>
<doc>Makes a variable available everywhere within the scope of the current test.</doc>
<msg timestamp="20210405 00:21:13.491" level="INFO">${email} = </msg>
<status status="PASS" starttime="20210405 00:21:13.491" endtime="20210405 00:21:13.491"/>
</kw>
<kw name="Set Test Variable" library="BuiltIn">
<arg>${password}</arg>
<doc>Makes a variable available everywhere within the scope of the current test.</doc>
<msg timestamp="20210405 00:21:13.491" level="INFO">${password} = jarvis!</msg>
<status status="PASS" starttime="20210405 00:21:13.491" endtime="20210405 00:21:13.491"/>
</kw>
<status status="PASS" starttime="20210405 00:21:13.490" endtime="20210405 00:21:13.492"/>
</kw>
<kw name="When I submit that information" library="login_page">
<kw name="Input Text" library="SeleniumLibrary">
<arg>${txtLogin}</arg>
<arg>${email}</arg>
<doc>Types the given ``text`` into the text field identified by ``locator``.</doc>
<msg timestamp="20210405 00:21:13.492" level="INFO">Typing text '' into text field 'name:username'.</msg>
<status status="PASS" starttime="20210405 00:21:13.492" endtime="20210405 00:21:13.550"/>
</kw>
<kw name="Input Text" library="SeleniumLibrary">
<arg>${txtPassword}</arg>
<arg>${password}</arg>
<doc>Types the given ``text`` into the text field identified by ``locator``.</doc>
<msg timestamp="20210405 00:21:13.550" level="INFO">Typing text 'jarvis!' into text field 'name:password'.</msg>
<status status="PASS" starttime="20210405 00:21:13.550" endtime="20210405 00:21:13.620"/>
</kw>
<kw name="Click Element" library="SeleniumLibrary">
<arg>${btnLogin}</arg>
<doc>Click the element identified by ``locator``.</doc>
<msg timestamp="20210405 00:21:13.621" level="INFO">Clicking element 'css:.btn-login'.</msg>
<status status="PASS" starttime="20210405 00:21:13.620" endtime="20210405 00:21:14.289"/>
</kw>
<status status="PASS" starttime="20210405 00:21:13.492" endtime="20210405 00:21:14.289"/>
</kw>
<kw name="Then I must see the message &quot;${message}&quot;" library="login_page" sourcename="Then I must see the message &quot;${message}&quot;">
<kw name="Wait Until Element Is Visible" library="SeleniumLibrary">
<arg>${successAlert}</arg>
<doc>Waits until the element ``locator`` is visible.</doc>
<status status="PASS" starttime="20210405 00:21:14.290" endtime="20210405 00:21:14.309"/>
</kw>
<kw name="Element Should Contain" library="SeleniumLibrary">
<arg>${successAlert}</arg>
<arg>${message}</arg>
<doc>Verifies that element ``locator`` contains text ``expected``.</doc>
<msg timestamp="20210405 00:21:14.325" level="INFO">Element 'css:.flash.success,.flash.error' contains text 'O usuário informado não está cadastrado!'.</msg>
<status status="PASS" starttime="20210405 00:21:14.309" endtime="20210405 00:21:14.325"/>
</kw>
<status status="PASS" starttime="20210405 00:21:14.289" endtime="20210405 00:21:14.325"/>
</kw>
<status status="PASS" starttime="20210405 00:21:12.693" endtime="20210405 00:21:14.325"/>
</kw>
<tag>invalid</tag>
<status status="PASS" starttime="20210405 00:21:12.693" endtime="20210405 00:21:14.325"/>
</test>
<test id="s1-t4" name="Empty email">
<kw name="login with" library="login_page">
<arg>stark</arg>
<arg>${EMPTY}</arg>
<arg>Senha é invalida!</arg>
<kw name="Given that I open the &quot;Login&quot; Page" library="login_page" sourcename="Given that I open the &quot;${link}&quot; Page">
<kw name="Given that I open the &quot;Training Wheels Protocol&quot;" library="home_page" sourcename="Given that I open the &quot;${text}&quot;">
<kw name="Go To" library="SeleniumLibrary">
<arg>${BASE_URL}</arg>
<doc>Navigates the current browser window to the provided ``url``.</doc>
<msg timestamp="20210405 00:21:14.329" level="INFO">Opening url 'https://training-wheels-protocol.herokuapp.com'</msg>
<status status="PASS" starttime="20210405 00:21:14.329" endtime="20210405 00:21:14.712"/>
</kw>
<kw name="Title Should Be" library="SeleniumLibrary">
<arg>${text}</arg>
<doc>Verifies that the current page title equals ``title``.</doc>
<msg timestamp="20210405 00:21:14.715" level="INFO">Page title is 'Training Wheels Protocol'.</msg>
<status status="PASS" starttime="20210405 00:21:14.712" endtime="20210405 00:21:14.715"/>
</kw>
<status status="PASS" starttime="20210405 00:21:14.328" endtime="20210405 00:21:14.716"/>
</kw>
<kw name="When I open &quot;${link}&quot;" library="home_page" sourcename="When I open &quot;${LINK}&quot;">
<kw name="Click Element" library="SeleniumLibrary">
<arg>xpath://a[contains(text(),"${LINK}")]</arg>
<doc>Click the element identified by ``locator``.</doc>
<msg timestamp="20210405 00:21:14.717" level="INFO">Clicking element 'xpath://a[contains(text(),"Login")]'.</msg>
<status status="PASS" starttime="20210405 00:21:14.716" endtime="20210405 00:21:15.249"/>
</kw>
<status status="PASS" starttime="20210405 00:21:14.716" endtime="20210405 00:21:15.249"/>
</kw>
<status status="PASS" starttime="20210405 00:21:14.328" endtime="20210405 00:21:15.250"/>
</kw>
<kw name="And I have &quot;${LOGIN}&quot; and &quot;${PASS}&quot;" library="login_page" sourcename="And I have &quot;${email}&quot; and &quot;${password}&quot;">
<kw name="Set Test Variable" library="BuiltIn">
<arg>${email}</arg>
<doc>Makes a variable available everywhere within the scope of the current test.</doc>
<msg timestamp="20210405 00:21:15.251" level="INFO">${email} = stark</msg>
<status status="PASS" starttime="20210405 00:21:15.251" endtime="20210405 00:21:15.251"/>
</kw>
<kw name="Set Test Variable" library="BuiltIn">
<arg>${password}</arg>
<doc>Makes a variable available everywhere within the scope of the current test.</doc>
<msg timestamp="20210405 00:21:15.252" level="INFO">${password} = </msg>
<status status="PASS" starttime="20210405 00:21:15.251" endtime="20210405 00:21:15.252"/>
</kw>
<status status="PASS" starttime="20210405 00:21:15.250" endtime="20210405 00:21:15.252"/>
</kw>
<kw name="When I submit that information" library="login_page">
<kw name="Input Text" library="SeleniumLibrary">
<arg>${txtLogin}</arg>
<arg>${email}</arg>
<doc>Types the given ``text`` into the text field identified by ``locator``.</doc>
<msg timestamp="20210405 00:21:15.254" level="INFO">Typing text 'stark' into text field 'name:username'.</msg>
<status status="PASS" starttime="20210405 00:21:15.253" endtime="20210405 00:21:15.323"/>
</kw>
<kw name="Input Text" library="SeleniumLibrary">
<arg>${txtPassword}</arg>
<arg>${password}</arg>
<doc>Types the given ``text`` into the text field identified by ``locator``.</doc>
<msg timestamp="20210405 00:21:15.324" level="INFO">Typing text '' into text field 'name:password'.</msg>
<status status="PASS" starttime="20210405 00:21:15.323" endtime="20210405 00:21:15.430"/>
</kw>
<kw name="Click Element" library="SeleniumLibrary">
<arg>${btnLogin}</arg>
<doc>Click the element identified by ``locator``.</doc>
<msg timestamp="20210405 00:21:15.431" level="INFO">Clicking element 'css:.btn-login'.</msg>
<status status="PASS" starttime="20210405 00:21:15.430" endtime="20210405 00:21:16.016"/>
</kw>
<status status="PASS" starttime="20210405 00:21:15.252" endtime="20210405 00:21:16.016"/>
</kw>
<kw name="Then I must see the message &quot;${message}&quot;" library="login_page" sourcename="Then I must see the message &quot;${message}&quot;">
<kw name="Wait Until Element Is Visible" library="SeleniumLibrary">
<arg>${successAlert}</arg>
<doc>Waits until the element ``locator`` is visible.</doc>
<status status="PASS" starttime="20210405 00:21:16.017" endtime="20210405 00:21:16.033"/>
</kw>
<kw name="Element Should Contain" library="SeleniumLibrary">
<arg>${successAlert}</arg>
<arg>${message}</arg>
<doc>Verifies that element ``locator`` contains text ``expected``.</doc>
<msg timestamp="20210405 00:21:16.049" level="INFO">Element 'css:.flash.success,.flash.error' contains text 'Senha é invalida!'.</msg>
<status status="PASS" starttime="20210405 00:21:16.034" endtime="20210405 00:21:16.049"/>
</kw>
<status status="PASS" starttime="20210405 00:21:16.016" endtime="20210405 00:21:16.049"/>
</kw>
<status status="PASS" starttime="20210405 00:21:14.327" endtime="20210405 00:21:16.049"/>
</kw>
<tag>invalid</tag>
<status status="PASS" starttime="20210405 00:21:14.327" endtime="20210405 00:21:16.050"/>
</test>
<test id="s1-t5" name="Empty fields">
<kw name="login with" library="login_page">
<arg>${EMPTY}</arg>
<arg>${EMPTY}</arg>
<arg>O usuário informado não está cadastrado!</arg>
<kw name="Given that I open the &quot;Login&quot; Page" library="login_page" sourcename="Given that I open the &quot;${link}&quot; Page">
<kw name="Given that I open the &quot;Training Wheels Protocol&quot;" library="home_page" sourcename="Given that I open the &quot;${text}&quot;">
<kw name="Go To" library="SeleniumLibrary">
<arg>${BASE_URL}</arg>
<doc>Navigates the current browser window to the provided ``url``.</doc>
<msg timestamp="20210405 00:21:16.055" level="INFO">Opening url 'https://training-wheels-protocol.herokuapp.com'</msg>
<status status="PASS" starttime="20210405 00:21:16.055" endtime="20210405 00:21:16.441"/>
</kw>
<kw name="Title Should Be" library="SeleniumLibrary">
<arg>${text}</arg>
<doc>Verifies that the current page title equals ``title``.</doc>
<msg timestamp="20210405 00:21:16.446" level="INFO">Page title is 'Training Wheels Protocol'.</msg>
<status status="PASS" starttime="20210405 00:21:16.441" endtime="20210405 00:21:16.446"/>
</kw>
<status status="PASS" starttime="20210405 00:21:16.054" endtime="20210405 00:21:16.446"/>
</kw>
<kw name="When I open &quot;${link}&quot;" library="home_page" sourcename="When I open &quot;${LINK}&quot;">
<kw name="Click Element" library="SeleniumLibrary">
<arg>xpath://a[contains(text(),"${LINK}")]</arg>
<doc>Click the element identified by ``locator``.</doc>
<msg timestamp="20210405 00:21:16.447" level="INFO">Clicking element 'xpath://a[contains(text(),"Login")]'.</msg>
<status status="PASS" starttime="20210405 00:21:16.446" endtime="20210405 00:21:16.795"/>
</kw>
<status status="PASS" starttime="20210405 00:21:16.446" endtime="20210405 00:21:16.795"/>
</kw>
<status status="PASS" starttime="20210405 00:21:16.054" endtime="20210405 00:21:16.795"/>
</kw>
<kw name="And I have &quot;${LOGIN}&quot; and &quot;${PASS}&quot;" library="login_page" sourcename="And I have &quot;${email}&quot; and &quot;${password}&quot;">
<kw name="Set Test Variable" library="BuiltIn">
<arg>${email}</arg>
<doc>Makes a variable available everywhere within the scope of the current test.</doc>
<msg timestamp="20210405 00:21:16.796" level="INFO">${email} = </msg>
<status status="PASS" starttime="20210405 00:21:16.796" endtime="20210405 00:21:16.796"/>
</kw>
<kw name="Set Test Variable" library="BuiltIn">
<arg>${password}</arg>
<doc>Makes a variable available everywhere within the scope of the current test.</doc>
<msg timestamp="20210405 00:21:16.797" level="INFO">${password} = </msg>
<status status="PASS" starttime="20210405 00:21:16.796" endtime="20210405 00:21:16.797"/>
</kw>
<status status="PASS" starttime="20210405 00:21:16.796" endtime="20210405 00:21:16.797"/>
</kw>
<kw name="When I submit that information" library="login_page">
<kw name="Input Text" library="SeleniumLibrary">
<arg>${txtLogin}</arg>
<arg>${email}</arg>
<doc>Types the given ``text`` into the text field identified by ``locator``.</doc>
<msg timestamp="20210405 00:21:16.797" level="INFO">Typing text '' into text field 'name:username'.</msg>
<status status="PASS" starttime="20210405 00:21:16.797" endtime="20210405 00:21:16.863"/>
</kw>
<kw name="Input Text" library="SeleniumLibrary">
<arg>${txtPassword}</arg>
<arg>${password}</arg>
<doc>Types the given ``text`` into the text field identified by ``locator``.</doc>
<msg timestamp="20210405 00:21:16.863" level="INFO">Typing text '' into text field 'name:password'.</msg>
<status status="PASS" starttime="20210405 00:21:16.863" endtime="20210405 00:21:16.923"/>
</kw>
<kw name="Click Element" library="SeleniumLibrary">
<arg>${btnLogin}</arg>
<doc>Click the element identified by ``locator``.</doc>
<msg timestamp="20210405 00:21:16.923" level="INFO">Clicking element 'css:.btn-login'.</msg>
<status status="PASS" starttime="20210405 00:21:16.923" endtime="20210405 00:21:17.503"/>
</kw>
<status status="PASS" starttime="20210405 00:21:16.797" endtime="20210405 00:21:17.503"/>
</kw>
<kw name="Then I must see the message &quot;${message}&quot;" library="login_page" sourcename="Then I must see the message &quot;${message}&quot;">
<kw name="Wait Until Element Is Visible" library="SeleniumLibrary">
<arg>${successAlert}</arg>
<doc>Waits until the element ``locator`` is visible.</doc>
<status status="PASS" starttime="20210405 00:21:17.504" endtime="20210405 00:21:17.522"/>
</kw>
<kw name="Element Should Contain" library="SeleniumLibrary">
<arg>${successAlert}</arg>
<arg>${message}</arg>
<doc>Verifies that element ``locator`` contains text ``expected``.</doc>
<msg timestamp="20210405 00:21:17.542" level="INFO">Element 'css:.flash.success,.flash.error' contains text 'O usuário informado não está cadastrado!'.</msg>
<status status="PASS" starttime="20210405 00:21:17.522" endtime="20210405 00:21:17.542"/>
</kw>
<status status="PASS" starttime="20210405 00:21:17.503" endtime="20210405 00:21:17.542"/>
</kw>
<status status="PASS" starttime="20210405 00:21:16.052" endtime="20210405 00:21:17.542"/>
</kw>
<tag>invalid</tag>
<status status="PASS" starttime="20210405 00:21:16.051" endtime="20210405 00:21:17.543"/>
</test>
<kw name="Finish Session" library="hooks" type="TEARDOWN">
<kw name="Capture Page Screenshot" library="SeleniumLibrary">
<doc>Takes a screenshot of the current page and embeds it into a log file.</doc>
<msg timestamp="20210405 00:21:17.856" level="INFO" html="true">&lt;/td&gt;&lt;/tr&gt;&lt;tr&gt;&lt;td colspan="3"&gt;&lt;a href="selenium-screenshot-61.png"&gt;&lt;img src="selenium-screenshot-61.png" width="800px"&gt;&lt;/a&gt;</msg>
<status status="PASS" starttime="20210405 00:21:17.546" endtime="20210405 00:21:17.856"/>
</kw>
<kw name="Close Browser" library="SeleniumLibrary">
<doc>Closes the current browser.</doc>
<status status="PASS" starttime="20210405 00:21:17.856" endtime="20210405 00:21:19.958"/>
</kw>
<status status="PASS" starttime="20210405 00:21:17.546" endtime="20210405 00:21:19.958"/>
</kw>
<doc>As a customer, I want to be able to login the page using valid information. Also I want to check all validations with wrong info</doc>
<status status="PASS" starttime="20210405 00:21:04.338" endtime="20210405 00:21:19.958"/>
</suite>
<statistics>
<total>
<stat pass="5" fail="0" skip="0">All Tests</stat>
</total>
<tag>
<stat pass="4" fail="0" skip="0">invalid</stat>
<stat pass="1" fail="0" skip="0">smoke</stat>
</tag>
<suite>
<stat pass="5" fail="0" skip="0" id="s1" name="Login">Login</stat>
</suite>
</statistics>
<errors>
</errors>
</robot>
