<?xml version="1.0" encoding="UTF-8"?>
<robot generator="Robot 4.0 (Python 3.9.1 on win32)" generated="20210403 15:13:35.499" rpa="false" schemaversion="2">
<suite id="s1" name="Tests" source="C:\RobotFramework\robotForFun\Tests">
<suite id="s1-s1" name="Test1" source="C:\RobotFramework\robotForFun\Tests\test1.robot">
<test id="s1-s1-t1" name="Test01">
<kw name="Start Session" library="base" type="SETUP">
<kw name="Open Browser" library="SeleniumLibrary">
<arg>about:blank</arg>
<arg>chrome</arg>
<doc>Opens a new browser instance to the optional ``url``.</doc>
<msg timestamp="20210403 15:13:35.693" level="INFO">Opening browser 'chrome' to base url 'about:blank'.</msg>
<status status="PASS" starttime="20210403 15:13:35.693" endtime="20210403 15:13:36.813"/>
</kw>
<status status="PASS" starttime="20210403 15:13:35.693" endtime="20210403 15:13:36.813"/>
</kw>
<kw name="Given that I open the Training Wheels">
<kw name="Go To" library="SeleniumLibrary">
<arg>${BASE_URL}</arg>
<doc>Navigates the current browser window to the provided ``url``.</doc>
<msg timestamp="20210403 15:13:36.814" level="INFO">Opening url 'https://training-wheels-protocol.herokuapp.com'</msg>
<status status="PASS" starttime="20210403 15:13:36.814" endtime="20210403 15:13:43.075"/>
</kw>
<kw name="Title Should Be" library="SeleniumLibrary">
<arg>Training Wheels Protocol</arg>
<doc>Verifies that the current page title equals ``title``.</doc>
<msg timestamp="20210403 15:13:43.081" level="INFO">Page title is 'Training Wheels Protocol'.</msg>
<status status="PASS" starttime="20210403 15:13:43.075" endtime="20210403 15:13:43.081"/>
</kw>
<status status="PASS" starttime="20210403 15:13:36.813" endtime="20210403 15:13:43.081"/>
</kw>
<kw name="When that I search for &quot;Anything&quot;" sourcename="When that I search for &quot;${Text}&quot;">
<kw name="Log" library="BuiltIn">
<arg>${Text}</arg>
<doc>Logs the given message with the given level.</doc>
<msg timestamp="20210403 15:13:43.082" level="INFO">Anything</msg>
<status status="PASS" starttime="20210403 15:13:43.082" endtime="20210403 15:13:43.082"/>
</kw>
<status status="PASS" starttime="20210403 15:13:43.082" endtime="20210403 15:13:43.082"/>
</kw>
<kw name="And I open &quot;Login&quot;" sourcename="And I open &quot;${LINK}&quot;">
<kw name="Click Element" library="SeleniumLibrary">
<arg>//a[contains(text(),"${LINK}")]</arg>
<doc>Click the element identified by ``locator``.</doc>
<msg timestamp="20210403 15:13:43.084" level="INFO">Clicking element '//a[contains(text(),"Login")]'.</msg>
<status status="PASS" starttime="20210403 15:13:43.083" endtime="20210403 15:13:44.242"/>
</kw>
<status status="PASS" starttime="20210403 15:13:43.083" endtime="20210403 15:13:44.243"/>
</kw>
<kw name="Then I must see the login page">
<kw name="Wait Until Element Is Visible" library="SeleniumLibrary">
<arg>${btn_login}</arg>
<doc>Waits until the element ``locator`` is visible.</doc>
<status status="PASS" starttime="20210403 15:13:44.244" endtime="20210403 15:13:44.262"/>
</kw>
<status status="PASS" starttime="20210403 15:13:44.243" endtime="20210403 15:13:44.263"/>
</kw>
<kw name="Finish Session" library="base" type="TEARDOWN">
<kw name="Close Browser" library="SeleniumLibrary">
<doc>Closes the current browser.</doc>
<status status="PASS" starttime="20210403 15:13:44.263" endtime="20210403 15:13:46.351"/>
</kw>
<status status="PASS" starttime="20210403 15:13:44.263" endtime="20210403 15:13:46.351"/>
</kw>
<status status="PASS" starttime="20210403 15:13:35.692" endtime="20210403 15:13:46.352"/>
</test>
<doc>Fun tests</doc>
<status status="PASS" starttime="20210403 15:13:35.525" endtime="20210403 15:13:46.353"/>
</suite>
<status status="PASS" starttime="20210403 15:13:35.501" endtime="20210403 15:13:46.355"/>
</suite>
<statistics>
<total>
<stat pass="1" fail="0" skip="0">All Tests</stat>
</total>
<tag>
</tag>
<suite>
<stat pass="1" fail="0" skip="0" id="s1" name="Tests">Tests</stat>
<stat pass="1" fail="0" skip="0" id="s1-s1" name="Test1">Tests.Test1</stat>
</suite>
</statistics>
<errors>
</errors>
</robot>
